#
# A fatal error has been detected by the Java Runtime Environment:
#
#  EXCEPTION_ACCESS_VIOLATION (0xc0000005) at pc=0x00007ff963a3fb11, pid=9088, tid=0x0000000000002754
#
# JRE version: Java(TM) SE Runtime Environment (8.0_111-b14) (build 1.8.0_111-b14)
# Java VM: Java HotSpot(TM) 64-Bit Server VM (25.111-b14 mixed mode windows-amd64 compressed oops)
# Problematic frame:
# C  [JOCL_2_0_0-windows-x86_64.dll+0xfb11]
#
# Failed to write core dump. Minidumps are not enabled by default on client versions of Windows
#
# If you would like to submit a bug report, please visit:
#   http://bugreport.java.com/bugreport/crash.jsp
# The crash happened outside the Java Virtual Machine in native code.
# See problematic frame for where to report the bug.
#

---------------  T H R E A D  ---------------

Current thread (0x0000000002b90800):  JavaThread "main" [_thread_in_native, id=10068, stack(0x00000000029c0000,0x0000000002ac0000)]

siginfo: ExceptionCode=0xc0000005, reading address 0x00000000177e8f38

Registers:
RAX=0x0000000002abeef0, RBX=0x00000000177e8f38, RCX=0x0000000000000006, RDX=0x00007ff963a57eb0
RSP=0x0000000002abee80, RBP=0x0000000002abef80, RSI=0x00000000180141e0, RDI=0x0000000002b909f8
R8 =0x0000000002abe868, R9 =0x0000000002abe860, R10=0xfffffffffffff000, R11=0x0000000002abec00
R12=0x0000000000000000, R13=0x0000000014d42d18, R14=0x0000000002abefa0, R15=0x0000000002b90800
RIP=0x00007ff963a3fb11, EFLAGS=0x0000000000010202

Top of Stack: (sp=0x0000000002abee80)
0x0000000002abee80:   0000000000d50750 00007ff963a57eb0
0x0000000002abee90:   0000000002abe868 0000000002abe860
0x0000000002abeea0:   0000000002b909f8 00007ff963a3fbdc
0x0000000002abeeb0:   00000000177e8f10 0000000002b909f8
0x0000000002abeec0:   0000000000d2fc50 000000001975b660
0x0000000002abeed0:   0000000002b909f8 00007ff963a3c261
0x0000000002abeee0:   0000000000000000 00007ff900000001
0x0000000002abeef0:   0000000000d2fc50 00000000180141e0
0x0000000002abef00:   0000000002c97da0 0000000002ca7f74
0x0000000002abef10:   0000000000200031 0000000014d42d18
0x0000000002abef20:   0000000014d43490 0000000014d3ded0
0x0000000002abef30:   0000000000000000 0000000002abef50
0x0000000002abef40:   0000000002abef40 0000000000000000
0x0000000002abef50:   0000000002abefa0 0000000014d4df88
0x0000000002abef60:   0000000000000000 0000000014d42d18
0x0000000002abef70:   0000000000000000 0000000002abefa0 

Instructions: (pc=0x00007ff963a3fb11)
0x00007ff963a3faf1:   89 5c 24 08 57 48 83 ec 20 48 8b da 48 8b f9 48
0x00007ff963a3fb01:   8d 15 a9 83 01 00 b9 06 00 00 00 e8 5f e3 ff ff
0x00007ff963a3fb11:   48 8b 13 48 85 d2 74 40 48 8b 12 48 85 d2 74 0c
0x00007ff963a3fb21:   48 8b 07 48 8b cf ff 90 b0 00 00 00 48 8b 03 48 


Register to memory mapping:

RAX=0x0000000002abeef0 is pointing into the stack for thread: 0x0000000002b90800
RBX=0x00000000177e8f38 is an unknown value
RCX=0x0000000000000006 is an unknown value
RDX=0x00007ff963a57eb0 is an unknown value
RSP=0x0000000002abee80 is pointing into the stack for thread: 0x0000000002b90800
RBP=0x0000000002abef80 is pointing into the stack for thread: 0x0000000002b90800
RSI=0x00000000180141e0 is an unknown value
RDI=0x0000000002b909f8 is an unknown value
R8 =0x0000000002abe868 is pointing into the stack for thread: 0x0000000002b90800
R9 =0x0000000002abe860 is pointing into the stack for thread: 0x0000000002b90800
R10=0xfffffffffffff000 is an unknown value
R11=0x0000000002abec00 is pointing into the stack for thread: 0x0000000002b90800
R12=0x0000000000000000 is an unknown value
R13={method} {0x0000000014d42d20} 'clReleaseContextNative' '(Lorg/jocl/cl_context;)I' in 'org/jocl/CL'
R14=0x0000000002abefa0 is pointing into the stack for thread: 0x0000000002b90800
R15=0x0000000002b90800 is a thread


Stack: [0x00000000029c0000,0x0000000002ac0000],  sp=0x0000000002abee80,  free space=1019k
Native frames: (J=compiled Java code, j=interpreted, Vv=VM code, C=native code)
C  [JOCL_2_0_0-windows-x86_64.dll+0xfb11]
C  [JOCL_2_0_0-windows-x86_64.dll+0xfbdc]
C  [JOCL_2_0_0-windows-x86_64.dll+0xc261]
C  0x0000000002ca7f74

Java frames: (J=compiled Java code, j=interpreted, Vv=VM code)
j  org.jocl.CL.clReleaseContextNative(Lorg/jocl/cl_context;)I+0
j  org.jocl.CL.clReleaseContext(Lorg/jocl/cl_context;)I+1
j  core.algo.vertical.HillClimbCL.getResult(I[I[I[I)[I+565
j  core.algo.vertical.HillClimbCL.doMerge([I[I)[I+204
j  core.algo.vertical.HillClimbCL.main([Ljava/lang/String;)V+89
v  ~StubRoutines::call_stub

---------------  P R O C E S S  ---------------

Java Threads: ( => current thread )
  0x0000000016c31800 JavaThread "Service Thread" daemon [_thread_blocked, id=3736, stack(0x0000000017010000,0x0000000017110000)]
  0x00000000152c9000 JavaThread "C1 CompilerThread2" daemon [_thread_blocked, id=4608, stack(0x0000000016b10000,0x0000000016c10000)]
  0x00000000152c0000 JavaThread "C2 CompilerThread1" daemon [_thread_blocked, id=7248, stack(0x0000000016a10000,0x0000000016b10000)]
  0x00000000152bd000 JavaThread "C2 CompilerThread0" daemon [_thread_blocked, id=7508, stack(0x0000000016910000,0x0000000016a10000)]
  0x00000000152bb000 JavaThread "Attach Listener" daemon [_thread_blocked, id=6264, stack(0x0000000016810000,0x0000000016910000)]
  0x00000000152b9800 JavaThread "Signal Dispatcher" daemon [_thread_blocked, id=9756, stack(0x0000000016710000,0x0000000016810000)]
  0x00000000152aa800 JavaThread "Finalizer" daemon [_thread_blocked, id=10036, stack(0x0000000016520000,0x0000000016620000)]
  0x0000000002c7f000 JavaThread "Reference Handler" daemon [_thread_blocked, id=9544, stack(0x0000000016420000,0x0000000016520000)]
=>0x0000000002b90800 JavaThread "main" [_thread_in_native, id=10068, stack(0x00000000029c0000,0x0000000002ac0000)]

Other Threads:
  0x0000000015287800 VMThread [stack: 0x0000000016320000,0x0000000016420000] [id=9488]
  0x0000000016c35000 WatcherThread [stack: 0x0000000017110000,0x0000000017210000] [id=1036]

VM state:not at safepoint (normal execution)

VM Mutex/Monitor currently owned by a thread: None

Heap:
 PSYoungGen      total 18944K, used 2042K [0x00000000eb000000, 0x00000000ec500000, 0x0000000100000000)
  eden space 16384K, 12% used [0x00000000eb000000,0x00000000eb1fe990,0x00000000ec000000)
  from space 2560K, 0% used [0x00000000ec280000,0x00000000ec280000,0x00000000ec500000)
  to   space 2560K, 0% used [0x00000000ec000000,0x00000000ec000000,0x00000000ec280000)
 ParOldGen       total 44032K, used 0K [0x00000000c1000000, 0x00000000c3b00000, 0x00000000eb000000)
  object space 44032K, 0% used [0x00000000c1000000,0x00000000c1000000,0x00000000c3b00000)
 Metaspace       used 3656K, capacity 4796K, committed 5120K, reserved 1056768K
  class space    used 415K, capacity 428K, committed 512K, reserved 1048576K

Card table byte_map: [0x0000000012050000,0x0000000012250000] byte_map_base: 0x0000000011a48000

Marking Bits: (ParMarkBitMap*) 0x0000000061c6a6c0
 Begin Bits: [0x00000000127a0000, 0x0000000013760000)
 End Bits:   [0x0000000013760000, 0x0000000014720000)

Polling page: 0x0000000001180000

CodeCache: size=245760Kb used=1254Kb max_used=1254Kb free=244505Kb
 bounds [0x0000000002c90000, 0x0000000002f00000, 0x0000000011c90000]
 total_blobs=372 nmethods=98 adapters=187
 compilation: enabled

Compilation events (10 events):
Event: 5.842 Thread 0x00000000152c9000   94       3       java.nio.charset.CoderResult::isUnderflow (13 bytes)
Event: 5.842 Thread 0x00000000152c9000 nmethod 94 0x0000000002dc8610 code [0x0000000002dc8760, 0x0000000002dc8910]
Event: 5.842 Thread 0x00000000152c9000   95       3       java.nio.ByteBuffer::array (35 bytes)
Event: 5.843 Thread 0x00000000152c9000 nmethod 95 0x0000000002dc8990 code [0x0000000002dc8b20, 0x0000000002dc8dd8]
Event: 5.843 Thread 0x00000000152c9000   96       3       java.io.BufferedWriter::ensureOpen (18 bytes)
Event: 5.843 Thread 0x00000000152c9000 nmethod 96 0x0000000002dc8ed0 code [0x0000000002dc9040, 0x0000000002dc92a8]
Event: 5.843 Thread 0x00000000152c9000   97       1       sun.nio.cs.StreamEncoder::isOpen (5 bytes)
Event: 5.843 Thread 0x00000000152c9000 nmethod 97 0x0000000002dc9390 code [0x0000000002dc94e0, 0x0000000002dc95f0]
Event: 6.028 Thread 0x00000000152c9000   98       3       java.util.Arrays::copyOf (19 bytes)
Event: 6.029 Thread 0x00000000152c9000 nmethod 98 0x0000000002dc9650 code [0x0000000002dc97c0, 0x0000000002dc9ae8]

GC Heap History (0 events):
No events

Deoptimization events (0 events):
No events

Internal exceptions (2 events):
Event: 0.317 Thread 0x0000000002b90800 Exception <a 'java/lang/NoSuchMethodError': Method sun.misc.Unsafe.defineClass(Ljava/lang/String;[BII)Ljava/lang/Class; name or signature does not match> (0x00000000eb007c78) thrown at [C:\re\workspace\8-2-build-windows-amd64-cygwin\jdk8u111\7883\hotspot\
Event: 0.317 Thread 0x0000000002b90800 Exception <a 'java/lang/NoSuchMethodError': Method sun.misc.Unsafe.prefetchRead(Ljava/lang/Object;J)V name or signature does not match> (0x00000000eb007f60) thrown at [C:\re\workspace\8-2-build-windows-amd64-cygwin\jdk8u111\7883\hotspot\src\share\vm\prims

Events (10 events):
Event: 3.413 loading class org/jocl/cl_context_properties
Event: 3.413 loading class org/jocl/cl_context_properties done
Event: 3.414 loading class org/jocl/cl_abstract_properties
Event: 3.414 loading class org/jocl/cl_abstract_properties done
Event: 3.416 loading class java/nio/HeapLongBuffer
Event: 3.431 loading class java/nio/HeapLongBuffer done
Event: 4.510 Executing VM operation: EnableBiasedLocking
Event: 4.510 Executing VM operation: EnableBiasedLocking done
Event: 5.814 loading class org/jocl/Sizeof
Event: 5.814 loading class org/jocl/Sizeof done


Dynamic libraries:
0x00007ff6a8050000 - 0x00007ff6a8087000 	C:\Program Files\Java\jre1.8.0_111\bin\javaw.exe
0x00007ff96cf10000 - 0x00007ff96d0eb000 	C:\WINDOWS\SYSTEM32\ntdll.dll
0x00007ff96bf50000 - 0x00007ff96bffe000 	C:\WINDOWS\System32\KERNEL32.DLL
0x00007ff969590000 - 0x00007ff9697d9000 	C:\WINDOWS\System32\KERNELBASE.dll
0x00007ff96c000000 - 0x00007ff96c0a1000 	C:\WINDOWS\System32\ADVAPI32.dll
0x00007ff96be10000 - 0x00007ff96bead000 	C:\WINDOWS\System32\msvcrt.dll
0x00007ff96ceb0000 - 0x00007ff96cf09000 	C:\WINDOWS\System32\sechost.dll
0x00007ff96c0b0000 - 0x00007ff96c1d5000 	C:\WINDOWS\System32\RPCRT4.dll
0x00007ff96b8d0000 - 0x00007ff96ba1a000 	C:\WINDOWS\System32\USER32.dll
0x00007ff969890000 - 0x00007ff9698ae000 	C:\WINDOWS\System32\win32u.dll
0x00007ff96bf20000 - 0x00007ff96bf47000 	C:\WINDOWS\System32\GDI32.dll
0x00007ff969a80000 - 0x00007ff969c07000 	C:\WINDOWS\System32\gdi32full.dll
0x00007ff969430000 - 0x00007ff9694ca000 	C:\WINDOWS\System32\msvcp_win.dll
0x00007ff96a370000 - 0x00007ff96a466000 	C:\WINDOWS\System32\ucrtbase.dll
0x00007ff95e520000 - 0x00007ff95e787000 	C:\WINDOWS\WinSxS\amd64_microsoft.windows.common-controls_6595b64144ccf1df_6.0.15063.483_none_26002d27e7c744a2\COMCTL32.dll
0x00007ff96c6f0000 - 0x00007ff96c9e9000 	C:\WINDOWS\System32\combase.dll
0x00007ff969520000 - 0x00007ff96958a000 	C:\WINDOWS\System32\bcryptPrimitives.dll
0x00007ff96bd40000 - 0x00007ff96bd6d000 	C:\WINDOWS\System32\IMM32.DLL
0x0000000062d20000 - 0x0000000062df2000 	C:\Program Files\Java\jre1.8.0_111\bin\msvcr100.dll
0x0000000061450000 - 0x0000000061cea000 	C:\Program Files\Java\jre1.8.0_111\bin\server\jvm.dll
0x00007ff96c6e0000 - 0x00007ff96c6e8000 	C:\WINDOWS\System32\PSAPI.DLL
0x00007ff964d10000 - 0x00007ff964d19000 	C:\WINDOWS\SYSTEM32\WSOCK32.dll
0x00007ff96beb0000 - 0x00007ff96bf1c000 	C:\WINDOWS\System32\WS2_32.dll
0x00007ff967920000 - 0x00007ff967943000 	C:\WINDOWS\SYSTEM32\WINMM.dll
0x00007ff95dcc0000 - 0x00007ff95dcca000 	C:\WINDOWS\SYSTEM32\VERSION.dll
0x00007ff9678f0000 - 0x00007ff96791b000 	C:\WINDOWS\SYSTEM32\WINMMBASE.dll
0x00007ff9694d0000 - 0x00007ff969519000 	C:\WINDOWS\System32\cfgmgr32.dll
0x0000000062f10000 - 0x0000000062f1f000 	C:\Program Files\Java\jre1.8.0_111\bin\verify.dll
0x0000000062ee0000 - 0x0000000062f09000 	C:\Program Files\Java\jre1.8.0_111\bin\java.dll
0x0000000062ec0000 - 0x0000000062ed6000 	C:\Program Files\Java\jre1.8.0_111\bin\zip.dll
0x00007ff96a490000 - 0x00007ff96b8c6000 	C:\WINDOWS\System32\SHELL32.dll
0x00007ff96c510000 - 0x00007ff96c5ba000 	C:\WINDOWS\System32\shcore.dll
0x00007ff969c70000 - 0x00007ff96a361000 	C:\WINDOWS\System32\windows.storage.dll
0x00007ff96c5c0000 - 0x00007ff96c611000 	C:\WINDOWS\System32\shlwapi.dll
0x00007ff9693f0000 - 0x00007ff969401000 	C:\WINDOWS\System32\kernel.appcore.dll
0x00007ff969380000 - 0x00007ff9693cc000 	C:\WINDOWS\System32\powrprof.dll
0x00007ff969410000 - 0x00007ff969425000 	C:\WINDOWS\System32\profapi.dll
0x00007ff963a30000 - 0x00007ff963a6d000 	C:\Users\Akhil P\AppData\Local\Temp\JOCL_2_0_0-windows-x86_64.dll
0x00007ff968df0000 - 0x00007ff968dfb000 	C:\WINDOWS\SYSTEM32\CRYPTBASE.DLL
0x00007ff954010000 - 0x00007ff954091000 	C:\WINDOWS\SYSTEM32\OpenCL.dll
0x00007ff9568f0000 - 0x00007ff956957000 	C:\WINDOWS\SYSTEM32\IntelOpenCL64.dll
0x00007ff93df40000 - 0x00007ff93e102000 	C:\Program Files (x86)\Common Files\Intel\OpenCL\bin\x64\intelocl64.dll
0x00007ff95ac00000 - 0x00007ff95ad21000 	C:\WINDOWS\SYSTEM32\OPENGL32.dll
0x00007ff952b30000 - 0x00007ff952bcd000 	C:\Program Files (x86)\Common Files\Intel\OpenCL\bin\x64\task_executor64.dll
0x00007ff95db70000 - 0x00007ff95db9c000 	C:\WINDOWS\SYSTEM32\GLU32.dll
0x00007ff951b40000 - 0x00007ff951c18000 	C:\Program Files (x86)\Common Files\Intel\OpenCL\bin\x64\cpu_device64.dll
0x00007ff9387d0000 - 0x00007ff938c91000 	C:\WINDOWS\SYSTEM32\igdrcl64.dll
0x00007ff9682d0000 - 0x00007ff968374000 	C:\WINDOWS\SYSTEM32\dxgi.dll
0x00007ff956990000 - 0x00007ff9569d3000 	C:\WINDOWS\SYSTEM32\igdfcl64.dll
0x00007ff930180000 - 0x00007ff9306f7000 	C:\WINDOWS\SYSTEM32\igdmcl64.dll
0x00007ff95a930000 - 0x00007ff95aad9000 	C:\WINDOWS\SYSTEM32\dbghelp.dll
0x00007ff952ac0000 - 0x00007ff952b2d000 	C:\WINDOWS\SYSTEM32\igdbcl64.dll
0x00007ff961470000 - 0x00007ff961eb0000 	C:\WINDOWS\SYSTEM32\igdusc64.dll
0x00007ff92ee40000 - 0x00007ff92f85c000 	C:\WINDOWS\System32\nvopencl.dll
0x00007ff96ca70000 - 0x00007ff96ceab000 	C:\WINDOWS\System32\SETUPAPI.dll
0x00007ff9480a0000 - 0x00007ff948153000 	C:\WINDOWS\SYSTEM32\nvfatbinaryLoader.dll
0x00007ff967c80000 - 0x00007ff967d15000 	C:\WINDOWS\system32\uxtheme.dll
0x00007ff967fa0000 - 0x00007ff967fc8000 	C:\WINDOWS\SYSTEM32\DEVOBJ.dll
0x00007ff969c10000 - 0x00007ff969c66000 	C:\WINDOWS\System32\WINTRUST.dll
0x00007ff9693d0000 - 0x00007ff9693e1000 	C:\WINDOWS\System32\MSASN1.dll
0x00007ff9698b0000 - 0x00007ff969a79000 	C:\WINDOWS\System32\CRYPT32.dll
0x00007ff9373f0000 - 0x00007ff937811000 	C:\WINDOWS\system32\nvapi64.dll
0x00007ff96c3c0000 - 0x00007ff96c505000 	C:\WINDOWS\System32\ole32.dll
0x00007ff91beb0000 - 0x00007ff91da7d000 	C:\WINDOWS\SYSTEM32\common_clang64.dll

VM Arguments:
jvm_args: -Dfile.encoding=UTF-8 
java_command: core.algo.vertical.HillClimbCL
java_class_path (initial): F:\Thesis_code\database-vertical-partitioning\target\classes;C:\Users\Akhil P\.m2\repository\net\sf\trove4j\trove4j\3.0.3\trove4j-3.0.3.jar;C:\Users\Akhil P\.m2\repository\org\postgresql\postgresql\42.1.4\postgresql-42.1.4.jar;C:\Users\Akhil P\.m2\repository\org\jocl\jocl\2.0.0\jocl-2.0.0.jar
Launcher Type: SUN_STANDARD

Environment Variables:
PATH=C:/Program Files/Java/jre1.8.0_111/bin/server;C:/Program Files/Java/jre1.8.0_111/bin;C:/Program Files/Java/jre1.8.0_111/lib/amd64;C:\ProgramData\Oracle\Java\javapath;C:\Program Files (x86)\Intel\iCLS Client\;C:\Program Files\Intel\iCLS Client\;C:\Program Files (x86)\NVIDIA Corporation\PhysX\Common;C:\WINDOWS\system32;C:\WINDOWS;C:\WINDOWS\System32\Wbem;C:\WINDOWS\System32\WindowsPowerShell\v1.0\;C:\Program Files\Hewlett-Packard\SimplePass\;C:\Program Files (x86)\Windows Live\Shared;C:\Program Files\Intel\Intel(R) Management Engine Components\DAL;C:\Program Files (x86)\Intel\Intel(R) Management Engine Components\DAL;C:\Program Files\Intel\Intel(R) Management Engine Components\IPT;C:\Program Files (x86)\Intel\Intel(R) Management Engine Components\IPT;C:\php;C:\Apache24;C:\Apache24\bin;C:\Program Files\Git\cmd;C:\Program Files\MySQL\MySQL Utilities 1.6\;C:\Program Files (x86)\Skype\Phone\;C:\MinGW\bin;C:\Program Files (x86)\Java\jre1.8.0_91\bin;C:\Users\Akhil P\AppData\Local\Microsoft\WindowsApps;C:\Program Files\CMake\bin;C:\Users\Akhil P\Desktop;
USERNAME=Akhil P
OS=Windows_NT
PROCESSOR_IDENTIFIER=Intel64 Family 6 Model 69 Stepping 1, GenuineIntel



---------------  S Y S T E M  ---------------

OS: Windows 10.0 , 64 bit Build 15063 (10.0.15063.296)

CPU:total 4 (2 cores per cpu, 2 threads per core) family 6 model 69 stepping 1, cmov, cx8, fxsr, mmx, sse, sse2, sse3, ssse3, sse4.1, sse4.2, popcnt, avx, avx2, aes, clmul, erms, lzcnt, ht, tsc, tscinvbit, bmi1, bmi2

Memory: 4k page, physical 4124504k(750144k free), swap 6695940k(1143156k free)

vm_info: Java HotSpot(TM) 64-Bit Server VM (25.111-b14) for windows-amd64 JRE (1.8.0_111-b14), built on Sep 22 2016 19:24:05 by "java_re" with MS VC++ 10.0 (VS2010)

time: Fri Oct 27 15:00:18 2017
elapsed time: 6 seconds (0d 0h 0m 6s)

