#
# A fatal error has been detected by the Java Runtime Environment:
#
#  EXCEPTION_ACCESS_VIOLATION (0xc0000005) at pc=0x00007ffe640afb11, pid=8196, tid=0x0000000000003368
#
# JRE version: Java(TM) SE Runtime Environment (8.0_111-b14) (build 1.8.0_111-b14)
# Java VM: Java HotSpot(TM) 64-Bit Server VM (25.111-b14 mixed mode windows-amd64 compressed oops)
# Problematic frame:
# C  [JOCL_2_0_0-windows-x86_64.dll+0xfb11]
#
# Failed to write core dump. Minidumps are not enabled by default on client versions of Windows
#
# If you would like to submit a bug report, please visit:
#   http://bugreport.java.com/bugreport/crash.jsp
# The crash happened outside the Java Virtual Machine in native code.
# See problematic frame for where to report the bug.
#

---------------  T H R E A D  ---------------

Current thread (0x00000000023e0800):  JavaThread "main" [_thread_in_native, id=13160, stack(0x00000000022b0000,0x00000000023b0000)]

siginfo: ExceptionCode=0xc0000005, reading address 0x00000000185e6e08

Registers:
RAX=0x00000000023aef00, RBX=0x00000000185e6e08, RCX=0x0000000000000006, RDX=0x00007ffe640c7eb0
RSP=0x00000000023aee90, RBP=0x00000000023aef88, RSI=0x0000000017aa17e0, RDI=0x00000000023e09f8
R8 =0x00000000007a0150, R9 =0x0000000000000000, R10=0x00000000000000fc, R11=0x00000000023aec10
R12=0x0000000000000000, R13=0x00000000145e5308, R14=0x00000000023aefa8, R15=0x00000000023e0800
RIP=0x00007ffe640afb11, EFLAGS=0x0000000000010202

Top of Stack: (sp=0x00000000023aee90)
0x00000000023aee90:   00000000007e22e0 00007ffe640c7eb0
0x00000000023aeea0:   00000000007a0150 0000000000000000
0x00000000023aeeb0:   00000000023e09f8 00007ffe640afbdc
0x00000000023aeec0:   00000000185e6de0 00000000023e09f8
0x00000000023aeed0:   00000000007bda60 00000000191a3ed0
0x00000000023aeee0:   00000000023e09f8 00007ffe640ac261
0x00000000023aeef0:   0000000000000000 00007ffe00000001
0x00000000023aef00:   00000000007bda60 0000000017aa17e0
0x00000000023aef10:   00000000024e7da0 00000000024f7f74
0x00000000023aef20:   0000000000200031 00000000145e5308
0x00000000023aef30:   00000000145e5a80 0000000000000000
0x00000000023aef40:   00000000023aef58 00000000023aef48
0x00000000023aef50:   0000000000000000 00000000023aefa8
0x00000000023aef60:   00000000145f0488 0000000000000000
0x00000000023aef70:   00000000145e5308 0000000000000000
0x00000000023aef80:   00000000023aefa8 00000000023aeff0 

Instructions: (pc=0x00007ffe640afb11)
0x00007ffe640afaf1:   89 5c 24 08 57 48 83 ec 20 48 8b da 48 8b f9 48
0x00007ffe640afb01:   8d 15 a9 83 01 00 b9 06 00 00 00 e8 5f e3 ff ff
0x00007ffe640afb11:   48 8b 13 48 85 d2 74 40 48 8b 12 48 85 d2 74 0c
0x00007ffe640afb21:   48 8b 07 48 8b cf ff 90 b0 00 00 00 48 8b 03 48 


Register to memory mapping:

RAX=0x00000000023aef00 is pointing into the stack for thread: 0x00000000023e0800
RBX=0x00000000185e6e08 is an unknown value
RCX=0x0000000000000006 is an unknown value
RDX=0x00007ffe640c7eb0 is an unknown value
RSP=0x00000000023aee90 is pointing into the stack for thread: 0x00000000023e0800
RBP=0x00000000023aef88 is pointing into the stack for thread: 0x00000000023e0800
RSI=0x0000000017aa17e0 is an unknown value
RDI=0x00000000023e09f8 is an unknown value
R8 =0x00000000007a0150 is an unknown value
R9 =0x0000000000000000 is an unknown value
R10=0x00000000000000fc is an unknown value
R11=0x00000000023aec10 is pointing into the stack for thread: 0x00000000023e0800
R12=0x0000000000000000 is an unknown value
R13={method} {0x00000000145e5310} 'clReleaseContextNative' '(Lorg/jocl/cl_context;)I' in 'org/jocl/CL'
R14=0x00000000023aefa8 is pointing into the stack for thread: 0x00000000023e0800
R15=0x00000000023e0800 is a thread


Stack: [0x00000000022b0000,0x00000000023b0000],  sp=0x00000000023aee90,  free space=1019k
Native frames: (J=compiled Java code, j=interpreted, Vv=VM code, C=native code)
C  [JOCL_2_0_0-windows-x86_64.dll+0xfb11]
C  [JOCL_2_0_0-windows-x86_64.dll+0xfbdc]
C  [JOCL_2_0_0-windows-x86_64.dll+0xc261]
C  0x00000000024f7f74

Java frames: (J=compiled Java code, j=interpreted, Vv=VM code)
j  org.jocl.CL.clReleaseContextNative(Lorg/jocl/cl_context;)I+0
j  org.jocl.CL.clReleaseContext(Lorg/jocl/cl_context;)I+1
j  core.algo.vertical.HillClimbCL.doComparison([I[I)[I+565
j  core.algo.vertical.HillClimbCL.doMerge([I[I)[I+16
j  core.algo.vertical.HillClimbCL.doPartition()V+122
j  core.algo.vertical.AbstractAlgorithm.partition()V+74
j  experiments.AlgorithmRunner.runAlgorithm(Lcore/algo/vertical/AbstractAlgorithm;Ljava/lang/String;)V+36
j  experiments.AlgorithmRunner.runAlgorithms(Lcore/algo/vertical/AbstractAlgorithm$AlgorithmConfig;[D)V+105
j  experiments.AlgorithmRunner.runTPC_H_All()V+36
j  experiments.AlgorithmRunner.main([Ljava/lang/String;)V+156
v  ~StubRoutines::call_stub

---------------  P R O C E S S  ---------------

Java Threads: ( => current thread )
  0x0000000016396800 JavaThread "Service Thread" daemon [_thread_blocked, id=12308, stack(0x0000000016890000,0x0000000016990000)]
  0x0000000014b8c800 JavaThread "C1 CompilerThread2" daemon [_thread_blocked, id=7452, stack(0x0000000016790000,0x0000000016890000)]
  0x0000000014b89800 JavaThread "C2 CompilerThread1" daemon [_thread_blocked, id=7108, stack(0x0000000016290000,0x0000000016390000)]
  0x0000000014b2d000 JavaThread "C2 CompilerThread0" daemon [_thread_blocked, id=1764, stack(0x0000000016190000,0x0000000016290000)]
  0x0000000014b2b000 JavaThread "Attach Listener" daemon [_thread_blocked, id=9352, stack(0x0000000016090000,0x0000000016190000)]
  0x0000000014b29800 JavaThread "Signal Dispatcher" daemon [_thread_blocked, id=964, stack(0x0000000015f90000,0x0000000016090000)]
  0x0000000014b1a800 JavaThread "Finalizer" daemon [_thread_blocked, id=4300, stack(0x0000000015d90000,0x0000000015e90000)]
  0x00000000024cf000 JavaThread "Reference Handler" daemon [_thread_blocked, id=12820, stack(0x0000000015c90000,0x0000000015d90000)]
=>0x00000000023e0800 JavaThread "main" [_thread_in_native, id=13160, stack(0x00000000022b0000,0x00000000023b0000)]

Other Threads:
  0x0000000014af7800 VMThread [stack: 0x0000000015b90000,0x0000000015c90000] [id=12500]
  0x000000001639a000 WatcherThread [stack: 0x0000000016990000,0x0000000016a90000] [id=12656]

VM state:not at safepoint (normal execution)

VM Mutex/Monitor currently owned by a thread: None

Heap:
 PSYoungGen      total 18944K, used 327K [0x00000000eb000000, 0x00000000ec500000, 0x0000000100000000)
  eden space 16384K, 2% used [0x00000000eb000000,0x00000000eb051ef0,0x00000000ec000000)
  from space 2560K, 0% used [0x00000000ec000000,0x00000000ec000000,0x00000000ec280000)
  to   space 2560K, 0% used [0x00000000ec280000,0x00000000ec280000,0x00000000ec500000)
 ParOldGen       total 44032K, used 906K [0x00000000c1000000, 0x00000000c3b00000, 0x00000000eb000000)
  object space 44032K, 2% used [0x00000000c1000000,0x00000000c10e2918,0x00000000c3b00000)
 Metaspace       used 4730K, capacity 5120K, committed 5248K, reserved 1056768K
  class space    used 534K, capacity 560K, committed 640K, reserved 1048576K

Card table byte_map: [0x00000000118a0000,0x0000000011aa0000] byte_map_base: 0x0000000011298000

Marking Bits: (ParMarkBitMap*) 0x000000006a46a6c0
 Begin Bits: [0x0000000011ff0000, 0x0000000012fb0000)
 End Bits:   [0x0000000012fb0000, 0x0000000013f70000)

Polling page: 0x0000000000b80000

CodeCache: size=245760Kb used=1433Kb max_used=1433Kb free=244326Kb
 bounds [0x00000000024e0000, 0x0000000002750000, 0x00000000114e0000]
 total_blobs=465 nmethods=156 adapters=222
 compilation: enabled

Compilation events (10 events):
Event: 2.114 Thread 0x0000000014b8c800  152       3       java.util.zip.ZStreamRef::address (5 bytes)
Event: 2.114 Thread 0x0000000014b8c800 nmethod 152 0x0000000002644790 code [0x00000000026448e0, 0x0000000002644a30]
Event: 2.117 Thread 0x0000000014b8c800  153       3       java.nio.Buffer::position (43 bytes)
Event: 2.118 Thread 0x0000000014b8c800 nmethod 153 0x0000000002644290 code [0x0000000002644400, 0x00000000026446c8]
Event: 2.118 Thread 0x0000000014b8c800  154       3       java.nio.CharBuffer::arrayOffset (35 bytes)
Event: 2.118 Thread 0x0000000014b8c800 nmethod 154 0x0000000002643c90 code [0x0000000002643e20, 0x0000000002644138]
Event: 2.118 Thread 0x0000000014b8c800  155       3       java.nio.charset.CoderResult::isUnderflow (13 bytes)
Event: 2.118 Thread 0x0000000014b8c800 nmethod 155 0x0000000002643910 code [0x0000000002643a60, 0x0000000002643c10]
Event: 2.275 Thread 0x0000000014b8c800  156       3       sun.misc.VM::addFinalRefCount (24 bytes)
Event: 2.276 Thread 0x0000000014b8c800 nmethod 156 0x0000000002643550 code [0x00000000026436a0, 0x0000000002643850]

GC Heap History (4 events):
Event: 2.265 GC heap before
{Heap before GC invocations=1 (full 0):
 PSYoungGen      total 18944K, used 2984K [0x00000000eb000000, 0x00000000ec500000, 0x0000000100000000)
  eden space 16384K, 18% used [0x00000000eb000000,0x00000000eb2ea358,0x00000000ec000000)
  from space 2560K, 0% used [0x00000000ec280000,0x00000000ec280000,0x00000000ec500000)
  to   space 2560K, 0% used [0x00000000ec000000,0x00000000ec000000,0x00000000ec280000)
 ParOldGen       total 44032K, used 0K [0x00000000c1000000, 0x00000000c3b00000, 0x00000000eb000000)
  object space 44032K, 0% used [0x00000000c1000000,0x00000000c1000000,0x00000000c3b00000)
 Metaspace       used 4729K, capacity 5120K, committed 5248K, reserved 1056768K
  class space    used 534K, capacity 560K, committed 640K, reserved 1048576K
Event: 2.267 GC heap after
Heap after GC invocations=1 (full 0):
 PSYoungGen      total 18944K, used 1008K [0x00000000eb000000, 0x00000000ec500000, 0x0000000100000000)
  eden space 16384K, 0% used [0x00000000eb000000,0x00000000eb000000,0x00000000ec000000)
  from space 2560K, 39% used [0x00000000ec000000,0x00000000ec0fc010,0x00000000ec280000)
  to   space 2560K, 0% used [0x00000000ec280000,0x00000000ec280000,0x00000000ec500000)
 ParOldGen       total 44032K, used 8K [0x00000000c1000000, 0x00000000c3b00000, 0x00000000eb000000)
  object space 44032K, 0% used [0x00000000c1000000,0x00000000c1002000,0x00000000c3b00000)
 Metaspace       used 4729K, capacity 5120K, committed 5248K, reserved 1056768K
  class space    used 534K, capacity 560K, committed 640K, reserved 1048576K
}
Event: 2.267 GC heap before
{Heap before GC invocations=2 (full 1):
 PSYoungGen      total 18944K, used 1008K [0x00000000eb000000, 0x00000000ec500000, 0x0000000100000000)
  eden space 16384K, 0% used [0x00000000eb000000,0x00000000eb000000,0x00000000ec000000)
  from space 2560K, 39% used [0x00000000ec000000,0x00000000ec0fc010,0x00000000ec280000)
  to   space 2560K, 0% used [0x00000000ec280000,0x00000000ec280000,0x00000000ec500000)
 ParOldGen       total 44032K, used 8K [0x00000000c1000000, 0x00000000c3b00000, 0x00000000eb000000)
  object space 44032K, 0% used [0x00000000c1000000,0x00000000c1002000,0x00000000c3b00000)
 Metaspace       used 4729K, capacity 5120K, committed 5248K, reserved 1056768K
  class space    used 534K, capacity 560K, committed 640K, reserved 1048576K
Event: 2.275 GC heap after
Heap after GC invocations=2 (full 1):
 PSYoungGen      total 18944K, used 0K [0x00000000eb000000, 0x00000000ec500000, 0x0000000100000000)
  eden space 16384K, 0% used [0x00000000eb000000,0x00000000eb000000,0x00000000ec000000)
  from space 2560K, 0% used [0x00000000ec000000,0x00000000ec000000,0x00000000ec280000)
  to   space 2560K, 0% used [0x00000000ec280000,0x00000000ec280000,0x00000000ec500000)
 ParOldGen       total 44032K, used 906K [0x00000000c1000000, 0x00000000c3b00000, 0x00000000eb000000)
  object space 44032K, 2% used [0x00000000c1000000,0x00000000c10e2918,0x00000000c3b00000)
 Metaspace       used 4729K, capacity 5120K, committed 5248K, reserved 1056768K
  class space    used 534K, capacity 560K, committed 640K, reserved 1048576K
}

Deoptimization events (0 events):
No events

Internal exceptions (6 events):
Event: 0.058 Thread 0x00000000023e0800 Exception <a 'java/lang/NoSuchMethodError': Method sun.misc.Unsafe.defineClass(Ljava/lang/String;[BII)Ljava/lang/Class; name or signature does not match> (0x00000000eb007c78) thrown at [C:\re\workspace\8-2-build-windows-amd64-cygwin\jdk8u111\7883\hotspot\
Event: 0.058 Thread 0x00000000023e0800 Exception <a 'java/lang/NoSuchMethodError': Method sun.misc.Unsafe.prefetchRead(Ljava/lang/Object;J)V name or signature does not match> (0x00000000eb007f60) thrown at [C:\re\workspace\8-2-build-windows-amd64-cygwin\jdk8u111\7883\hotspot\src\share\vm\prims
Event: 1.128 Thread 0x00000000023e0800 Exception <a 'java/security/PrivilegedActionException'> (0x00000000eb1bc528) thrown at [C:\re\workspace\8-2-build-windows-amd64-cygwin\jdk8u111\7883\hotspot\src\share\vm\prims\jvm.cpp, line 1386]
Event: 1.128 Thread 0x00000000023e0800 Exception <a 'java/security/PrivilegedActionException'> (0x00000000eb1bc920) thrown at [C:\re\workspace\8-2-build-windows-amd64-cygwin\jdk8u111\7883\hotspot\src\share\vm\prims\jvm.cpp, line 1386]
Event: 1.129 Thread 0x00000000023e0800 Exception <a 'java/security/PrivilegedActionException'> (0x00000000eb1c0938) thrown at [C:\re\workspace\8-2-build-windows-amd64-cygwin\jdk8u111\7883\hotspot\src\share\vm\prims\jvm.cpp, line 1386]
Event: 1.129 Thread 0x00000000023e0800 Exception <a 'java/security/PrivilegedActionException'> (0x00000000eb1c0d30) thrown at [C:\re\workspace\8-2-build-windows-amd64-cygwin\jdk8u111\7883\hotspot\src\share\vm\prims\jvm.cpp, line 1386]

Events (10 events):
Event: 1.969 loading class org/jocl/cl_context_properties
Event: 1.969 loading class org/jocl/cl_context_properties done
Event: 1.970 loading class org/jocl/cl_abstract_properties
Event: 1.970 loading class org/jocl/cl_abstract_properties done
Event: 1.970 loading class java/nio/HeapLongBuffer
Event: 1.970 loading class java/nio/HeapLongBuffer done
Event: 2.113 loading class org/jocl/Sizeof
Event: 2.113 loading class org/jocl/Sizeof done
Event: 2.265 Executing VM operation: ParallelGCSystemGC
Event: 2.275 Executing VM operation: ParallelGCSystemGC done


Dynamic libraries:
0x00007ff677a50000 - 0x00007ff677a87000 	C:\Program Files\Java\jre1.8.0_111\bin\javaw.exe
0x00007ffe75320000 - 0x00007ffe754fb000 	C:\WINDOWS\SYSTEM32\ntdll.dll
0x00007ffe72880000 - 0x00007ffe7292e000 	C:\WINDOWS\System32\KERNEL32.DLL
0x00007ffe723c0000 - 0x00007ffe72609000 	C:\WINDOWS\System32\KERNELBASE.dll
0x00007ffe73ac0000 - 0x00007ffe73b61000 	C:\WINDOWS\System32\ADVAPI32.dll
0x00007ffe75200000 - 0x00007ffe7529d000 	C:\WINDOWS\System32\msvcrt.dll
0x00007ffe72960000 - 0x00007ffe729b9000 	C:\WINDOWS\System32\sechost.dll
0x00007ffe735c0000 - 0x00007ffe736e5000 	C:\WINDOWS\System32\RPCRT4.dll
0x00007ffe736f0000 - 0x00007ffe7383a000 	C:\WINDOWS\System32\USER32.dll
0x00007ffe72040000 - 0x00007ffe7205e000 	C:\WINDOWS\System32\win32u.dll
0x00007ffe72930000 - 0x00007ffe72957000 	C:\WINDOWS\System32\GDI32.dll
0x00007ffe72060000 - 0x00007ffe721e7000 	C:\WINDOWS\System32\gdi32full.dll
0x00007ffe727e0000 - 0x00007ffe7287a000 	C:\WINDOWS\System32\msvcp_win.dll
0x00007ffe72260000 - 0x00007ffe72356000 	C:\WINDOWS\System32\ucrtbase.dll
0x00007ffe65dc0000 - 0x00007ffe66027000 	C:\WINDOWS\WinSxS\amd64_microsoft.windows.common-controls_6595b64144ccf1df_6.0.15063.483_none_26002d27e7c744a2\COMCTL32.dll
0x00007ffe73060000 - 0x00007ffe73359000 	C:\WINDOWS\System32\combase.dll
0x00007ffe721f0000 - 0x00007ffe7225a000 	C:\WINDOWS\System32\bcryptPrimitives.dll
0x00007ffe73030000 - 0x00007ffe7305d000 	C:\WINDOWS\System32\IMM32.DLL
0x0000000069a80000 - 0x0000000069b52000 	C:\Program Files\Java\jre1.8.0_111\bin\msvcr100.dll
0x0000000069c50000 - 0x000000006a4ea000 	C:\Program Files\Java\jre1.8.0_111\bin\server\jvm.dll
0x00007ffe73c30000 - 0x00007ffe73c38000 	C:\WINDOWS\System32\PSAPI.DLL
0x00007ffe63b40000 - 0x00007ffe63b49000 	C:\WINDOWS\SYSTEM32\WSOCK32.dll
0x00007ffe73840000 - 0x00007ffe738ac000 	C:\WINDOWS\System32\WS2_32.dll
0x00007ffe6f9c0000 - 0x00007ffe6f9e3000 	C:\WINDOWS\SYSTEM32\WINMM.dll
0x00007ffe65030000 - 0x00007ffe6503a000 	C:\WINDOWS\SYSTEM32\VERSION.dll
0x00007ffe6f960000 - 0x00007ffe6f98b000 	C:\WINDOWS\SYSTEM32\WINMMBASE.dll
0x00007ffe71840000 - 0x00007ffe71889000 	C:\WINDOWS\System32\cfgmgr32.dll
0x0000000069c40000 - 0x0000000069c4f000 	C:\Program Files\Java\jre1.8.0_111\bin\verify.dll
0x0000000069c10000 - 0x0000000069c39000 	C:\Program Files\Java\jre1.8.0_111\bin\java.dll
0x0000000069bf0000 - 0x0000000069c06000 	C:\Program Files\Java\jre1.8.0_111\bin\zip.dll
0x00007ffe73c50000 - 0x00007ffe75086000 	C:\WINDOWS\System32\SHELL32.dll
0x00007ffe72ee0000 - 0x00007ffe72f8a000 	C:\WINDOWS\System32\shcore.dll
0x00007ffe71890000 - 0x00007ffe71f81000 	C:\WINDOWS\System32\windows.storage.dll
0x00007ffe72e80000 - 0x00007ffe72ed1000 	C:\WINDOWS\System32\shlwapi.dll
0x00007ffe717b0000 - 0x00007ffe717c1000 	C:\WINDOWS\System32\kernel.appcore.dll
0x00007ffe717d0000 - 0x00007ffe7181c000 	C:\WINDOWS\System32\powrprof.dll
0x00007ffe71790000 - 0x00007ffe717a5000 	C:\WINDOWS\System32\profapi.dll
0x00007ffe640a0000 - 0x00007ffe640dd000 	C:\Users\Akhil P\AppData\Local\Temp\JOCL_2_0_0-windows-x86_64.dll
0x00007ffe71200000 - 0x00007ffe7120b000 	C:\WINDOWS\SYSTEM32\CRYPTBASE.DLL
0x00007ffe63ea0000 - 0x00007ffe63f21000 	C:\WINDOWS\SYSTEM32\OpenCL.dll
0x00007ffe63e30000 - 0x00007ffe63e97000 	C:\WINDOWS\SYSTEM32\IntelOpenCL64.dll
0x00007ffe5dad0000 - 0x00007ffe5dc92000 	C:\Program Files (x86)\Common Files\Intel\OpenCL\bin\x64\intelocl64.dll
0x00007ffe50bf0000 - 0x00007ffe50d11000 	C:\WINDOWS\SYSTEM32\OPENGL32.dll
0x00007ffe63d90000 - 0x00007ffe63e2d000 	C:\Program Files (x86)\Common Files\Intel\OpenCL\bin\x64\task_executor64.dll
0x00007ffe514f0000 - 0x00007ffe5151c000 	C:\WINDOWS\SYSTEM32\GLU32.dll
0x00007ffe60010000 - 0x00007ffe600e8000 	C:\Program Files (x86)\Common Files\Intel\OpenCL\bin\x64\cpu_device64.dll
0x00007ffe47060000 - 0x00007ffe47521000 	C:\WINDOWS\SYSTEM32\igdrcl64.dll
0x00007ffe706e0000 - 0x00007ffe70784000 	C:\WINDOWS\SYSTEM32\dxgi.dll
0x00007ffe64050000 - 0x00007ffe64093000 	C:\WINDOWS\SYSTEM32\igdfcl64.dll
0x00007ffe37960000 - 0x00007ffe37ed7000 	C:\WINDOWS\SYSTEM32\igdmcl64.dll
0x00007ffe619c0000 - 0x00007ffe61b69000 	C:\WINDOWS\SYSTEM32\dbghelp.dll
0x00007ffe634c0000 - 0x00007ffe6352d000 	C:\WINDOWS\SYSTEM32\igdbcl64.dll
0x00007ffe69b20000 - 0x00007ffe6a560000 	C:\WINDOWS\SYSTEM32\igdusc64.dll
0x00007ffe27880000 - 0x00007ffe28e8d000 	C:\WINDOWS\System32\nvopencl.dll
0x00007ffe72a20000 - 0x00007ffe72e5b000 	C:\WINDOWS\System32\SETUPAPI.dll
0x00007ffe5f070000 - 0x00007ffe5f123000 	C:\WINDOWS\SYSTEM32\nvfatbinaryLoader.dll
0x00007ffe70090000 - 0x00007ffe70125000 	C:\WINDOWS\system32\uxtheme.dll
0x00007ffe703f0000 - 0x00007ffe70418000 	C:\WINDOWS\SYSTEM32\DEVOBJ.dll
0x00007ffe72360000 - 0x00007ffe723b6000 	C:\WINDOWS\System32\WINTRUST.dll
0x00007ffe71820000 - 0x00007ffe71831000 	C:\WINDOWS\System32\MSASN1.dll
0x00007ffe72610000 - 0x00007ffe727d9000 	C:\WINDOWS\System32\CRYPT32.dll
0x00007ffe46500000 - 0x00007ffe4693f000 	C:\WINDOWS\system32\nvapi64.dll
0x00007ffe73360000 - 0x00007ffe734a5000 	C:\WINDOWS\System32\ole32.dll
0x00007ffe25cb0000 - 0x00007ffe2787d000 	C:\WINDOWS\SYSTEM32\common_clang64.dll

VM Arguments:
jvm_args: -Dfile.encoding=UTF-8 
java_command: experiments.AlgorithmRunner
java_class_path (initial): F:\Thesis_code\database-vertical-partitioning\target\classes;C:\Users\Akhil P\.m2\repository\net\sf\trove4j\trove4j\3.0.3\trove4j-3.0.3.jar;C:\Users\Akhil P\.m2\repository\org\postgresql\postgresql\42.1.4\postgresql-42.1.4.jar;C:\Users\Akhil P\.m2\repository\org\jocl\jocl\2.0.0\jocl-2.0.0.jar
Launcher Type: SUN_STANDARD

Environment Variables:
PATH=C:/Program Files/Java/jre1.8.0_111/bin/server;C:/Program Files/Java/jre1.8.0_111/bin;C:/Program Files/Java/jre1.8.0_111/lib/amd64;C:\ProgramData\Oracle\Java\javapath;C:\Program Files (x86)\Intel\iCLS Client\;C:\Program Files\Intel\iCLS Client\;C:\Program Files (x86)\NVIDIA Corporation\PhysX\Common;C:\WINDOWS\system32;C:\WINDOWS;C:\WINDOWS\System32\Wbem;C:\WINDOWS\System32\WindowsPowerShell\v1.0\;C:\Program Files\Hewlett-Packard\SimplePass\;C:\Program Files (x86)\Windows Live\Shared;C:\Program Files\Intel\Intel(R) Management Engine Components\DAL;C:\Program Files (x86)\Intel\Intel(R) Management Engine Components\DAL;C:\Program Files\Intel\Intel(R) Management Engine Components\IPT;C:\Program Files (x86)\Intel\Intel(R) Management Engine Components\IPT;C:\php;C:\Apache24;C:\Apache24\bin;C:\Program Files\Git\cmd;C:\Program Files\MySQL\MySQL Utilities 1.6\;C:\Program Files (x86)\Skype\Phone\;C:\MinGW\bin;C:\Program Files (x86)\Java\jre1.8.0_91\bin;C:\Users\Akhil P\AppData\Local\Microsoft\WindowsApps;C:\Program Files\CMake\bin;C:\Users\Akhil P\Desktop;
USERNAME=Akhil P
OS=Windows_NT
PROCESSOR_IDENTIFIER=Intel64 Family 6 Model 69 Stepping 1, GenuineIntel



---------------  S Y S T E M  ---------------

OS: Windows 10.0 , 64 bit Build 15063 (10.0.15063.296)

CPU:total 4 (2 cores per cpu, 2 threads per core) family 6 model 69 stepping 1, cmov, cx8, fxsr, mmx, sse, sse2, sse3, ssse3, sse4.1, sse4.2, popcnt, avx, avx2, aes, clmul, erms, lzcnt, ht, tsc, tscinvbit, bmi1, bmi2

Memory: 4k page, physical 4124504k(823980k free), swap 6877016k(2591168k free)

vm_info: Java HotSpot(TM) 64-Bit Server VM (25.111-b14) for windows-amd64 JRE (1.8.0_111-b14), built on Sep 22 2016 19:24:05 by "java_re" with MS VC++ 10.0 (VS2010)

time: Mon Oct 30 14:35:38 2017
elapsed time: 2 seconds (0d 0h 0m 2s)

