#
# A fatal error has been detected by the Java Runtime Environment:
#
#  EXCEPTION_ACCESS_VIOLATION (0xc0000005) at pc=0x00007ffda7bafb11, pid=9092, tid=0x0000000000001bcc
#
# JRE version: Java(TM) SE Runtime Environment (8.0_111-b14) (build 1.8.0_111-b14)
# Java VM: Java HotSpot(TM) 64-Bit Server VM (25.111-b14 mixed mode windows-amd64 compressed oops)
# Problematic frame:
# C  [JOCL_2_0_0-windows-x86_64.dll+0xfb11]
#
# Failed to write core dump. Minidumps are not enabled by default on client versions of Windows
#
# If you would like to submit a bug report, please visit:
#   http://bugreport.java.com/bugreport/crash.jsp
# The crash happened outside the Java Virtual Machine in native code.
# See problematic frame for where to report the bug.
#

---------------  T H R E A D  ---------------

Current thread (0x0000000002e80800):  JavaThread "main" [_thread_in_native, id=7116, stack(0x0000000002d80000,0x0000000002e80000)]

siginfo: ExceptionCode=0xc0000005, reading address 0x0000000018ab49d8

Registers:
RAX=0x0000000002e7ef40, RBX=0x0000000018ab49d8, RCX=0x0000000000000006, RDX=0x00007ffda7bc7eb0
RSP=0x0000000002e7eed0, RBP=0x0000000002e7efc8, RSI=0x000000001845c9a0, RDI=0x0000000002e809f8
R8 =0x0000000002e7e8b8, R9 =0x0000000002e7e8b0, R10=0xfffffffffffff000, R11=0x0000000002e7ec50
R12=0x0000000000000000, R13=0x00000000150bef98, R14=0x0000000002e7efe8, R15=0x0000000002e80800
RIP=0x00007ffda7bafb11, EFLAGS=0x0000000000010206

Top of Stack: (sp=0x0000000002e7eed0)
0x0000000002e7eed0:   0000000001024480 00007ffda7bc7eb0
0x0000000002e7eee0:   0000000002e7e8b8 0000000002e7e8b0
0x0000000002e7eef0:   0000000002e809f8 00007ffda7bafbdc
0x0000000002e7ef00:   0000000018ab49b0 0000000002e809f8
0x0000000002e7ef10:   0000000000ffff50 0000000019b90030
0x0000000002e7ef20:   0000000002e809f8 00007ffda7bac261
0x0000000002e7ef30:   0000000000000000 00007ffd00000001
0x0000000002e7ef40:   0000000000ffff50 000000001845c9a0
0x0000000002e7ef50:   0000000002f87da0 0000000002f97f74
0x0000000002e7ef60:   0000000000200031 00000000150bef98
0x0000000002e7ef70:   00000000150bf710 0000000000000000
0x0000000002e7ef80:   0000000002e7ef98 0000000002e7ef88
0x0000000002e7ef90:   0000000000000000 0000000002e7efe8
0x0000000002e7efa0:   00000000150ca118 0000000000000000
0x0000000002e7efb0:   00000000150bef98 0000000000000000
0x0000000002e7efc0:   0000000002e7efe8 0000000002e7f030 

Instructions: (pc=0x00007ffda7bafb11)
0x00007ffda7bafaf1:   89 5c 24 08 57 48 83 ec 20 48 8b da 48 8b f9 48
0x00007ffda7bafb01:   8d 15 a9 83 01 00 b9 06 00 00 00 e8 5f e3 ff ff
0x00007ffda7bafb11:   48 8b 13 48 85 d2 74 40 48 8b 12 48 85 d2 74 0c
0x00007ffda7bafb21:   48 8b 07 48 8b cf ff 90 b0 00 00 00 48 8b 03 48 


Register to memory mapping:

RAX=0x0000000002e7ef40 is pointing into the stack for thread: 0x0000000002e80800
RBX=0x0000000018ab49d8 is an unknown value
RCX=0x0000000000000006 is an unknown value
RDX=0x00007ffda7bc7eb0 is an unknown value
RSP=0x0000000002e7eed0 is pointing into the stack for thread: 0x0000000002e80800
RBP=0x0000000002e7efc8 is pointing into the stack for thread: 0x0000000002e80800
RSI=0x000000001845c9a0 is an unknown value
RDI=0x0000000002e809f8 is an unknown value
R8 =0x0000000002e7e8b8 is pointing into the stack for thread: 0x0000000002e80800
R9 =0x0000000002e7e8b0 is pointing into the stack for thread: 0x0000000002e80800
R10=0xfffffffffffff000 is an unknown value
R11=0x0000000002e7ec50 is pointing into the stack for thread: 0x0000000002e80800
R12=0x0000000000000000 is an unknown value
R13={method} {0x00000000150befa0} 'clReleaseContextNative' '(Lorg/jocl/cl_context;)I' in 'org/jocl/CL'
R14=0x0000000002e7efe8 is pointing into the stack for thread: 0x0000000002e80800
R15=0x0000000002e80800 is a thread


Stack: [0x0000000002d80000,0x0000000002e80000],  sp=0x0000000002e7eed0,  free space=1019k
Native frames: (J=compiled Java code, j=interpreted, Vv=VM code, C=native code)
C  [JOCL_2_0_0-windows-x86_64.dll+0xfb11]
C  [JOCL_2_0_0-windows-x86_64.dll+0xfbdc]
C  [JOCL_2_0_0-windows-x86_64.dll+0xc261]
C  0x0000000002f97f74

Java frames: (J=compiled Java code, j=interpreted, Vv=VM code)
j  org.jocl.CL.clReleaseContextNative(Lorg/jocl/cl_context;)I+0
j  org.jocl.CL.clReleaseContext(Lorg/jocl/cl_context;)I+1
j  core.algo.vertical.HillClimbCL.doComparison([ILjava/util/List;)[I+1260
j  core.algo.vertical.HillClimbCL.doMerge([ILjava/util/List;)Ljava/util/List;+14
j  core.algo.vertical.HillClimbCL.doPartition()V+130
j  core.algo.vertical.AbstractAlgorithm.partition()V+74
j  experiments.AlgorithmRunner.runAlgorithm(Lcore/algo/vertical/AbstractAlgorithm;Ljava/lang/String;)V+36
j  experiments.AlgorithmRunner.runAlgorithms(Lcore/algo/vertical/AbstractAlgorithm$AlgorithmConfig;[D)V+105
j  experiments.AlgorithmRunner.runTPC_H_All()V+36
j  experiments.AlgorithmRunner.main([Ljava/lang/String;)V+156
v  ~StubRoutines::call_stub

---------------  P R O C E S S  ---------------

Java Threads: ( => current thread )
  0x0000000016f15800 JavaThread "Service Thread" daemon [_thread_blocked, id=12708, stack(0x0000000017310000,0x0000000017410000)]
  0x000000001560b800 JavaThread "C1 CompilerThread2" daemon [_thread_blocked, id=12704, stack(0x0000000016e10000,0x0000000016f10000)]
  0x0000000015608800 JavaThread "C2 CompilerThread1" daemon [_thread_blocked, id=14140, stack(0x0000000016d10000,0x0000000016e10000)]
  0x00000000155ad000 JavaThread "C2 CompilerThread0" daemon [_thread_blocked, id=9428, stack(0x0000000016c10000,0x0000000016d10000)]
  0x00000000155ab000 JavaThread "Attach Listener" daemon [_thread_blocked, id=3848, stack(0x0000000016b10000,0x0000000016c10000)]
  0x00000000155a9800 JavaThread "Signal Dispatcher" daemon [_thread_blocked, id=9812, stack(0x0000000016a10000,0x0000000016b10000)]
  0x000000001559a800 JavaThread "Finalizer" daemon [_thread_blocked, id=10124, stack(0x0000000016820000,0x0000000016920000)]
  0x0000000002f6f000 JavaThread "Reference Handler" daemon [_thread_blocked, id=9892, stack(0x0000000016720000,0x0000000016820000)]
=>0x0000000002e80800 JavaThread "main" [_thread_in_native, id=7116, stack(0x0000000002d80000,0x0000000002e80000)]

Other Threads:
  0x0000000015577800 VMThread [stack: 0x0000000016620000,0x0000000016720000] [id=13660]
  0x0000000016f1a800 WatcherThread [stack: 0x0000000017410000,0x0000000017510000] [id=14144]

VM state:not at safepoint (normal execution)

VM Mutex/Monitor currently owned by a thread: None

Heap:
 PSYoungGen      total 18944K, used 4918K [0x00000000eb000000, 0x00000000ec500000, 0x0000000100000000)
  eden space 16384K, 30% used [0x00000000eb000000,0x00000000eb4cd950,0x00000000ec000000)
  from space 2560K, 0% used [0x00000000ec280000,0x00000000ec280000,0x00000000ec500000)
  to   space 2560K, 0% used [0x00000000ec000000,0x00000000ec000000,0x00000000ec280000)
 ParOldGen       total 44032K, used 0K [0x00000000c1000000, 0x00000000c3b00000, 0x00000000eb000000)
  object space 44032K, 0% used [0x00000000c1000000,0x00000000c1000000,0x00000000c3b00000)
 Metaspace       used 5826K, capacity 5986K, committed 6144K, reserved 1056768K
  class space    used 671K, capacity 739K, committed 768K, reserved 1048576K

Card table byte_map: [0x0000000012340000,0x0000000012540000] byte_map_base: 0x0000000011d38000

Marking Bits: (ParMarkBitMap*) 0x000000006e7ba6c0
 Begin Bits: [0x0000000012a90000, 0x0000000013a50000)
 End Bits:   [0x0000000013a50000, 0x0000000014a10000)

Polling page: 0x0000000002cb0000

CodeCache: size=245760Kb used=1847Kb max_used=1855Kb free=243912Kb
 bounds [0x0000000002f80000, 0x00000000031f0000, 0x0000000011f80000]
 total_blobs=695 nmethods=369 adapters=239
 compilation: enabled

Compilation events (10 events):
Event: 1.740 Thread 0x000000001560b800 nmethod 364 0x000000000314cb50 code [0x000000000314ccc0, 0x000000000314cfb8]
Event: 1.740 Thread 0x000000001560b800  365       3       java.util.stream.ReduceOps$1ReducingSink::accept (19 bytes)
Event: 1.740 Thread 0x000000001560b800 nmethod 365 0x000000000314d0d0 code [0x000000000314d240, 0x000000000314d488]
Event: 1.742 Thread 0x0000000015608800 nmethod 366 0x0000000003150350 code [0x00000000031504a0, 0x00000000031506b8]
Event: 2.241 Thread 0x000000001560b800  367       3       java.lang.Integer::sum (4 bytes)
Event: 2.242 Thread 0x000000001560b800 nmethod 367 0x0000000003150050 code [0x00000000031501a0, 0x00000000031502d0]
Event: 2.471 Thread 0x000000001560b800  368       3       java.util.Arrays::copyOf (13 bytes)
Event: 2.471 Thread 0x000000001560b800 nmethod 368 0x000000000314fc10 code [0x000000000314fd80, 0x000000000314ff88]
Event: 2.674 Thread 0x000000001560b800  369       3       org.jocl.CL::checkResult (25 bytes)
Event: 2.674 Thread 0x000000001560b800 nmethod 369 0x000000000314f690 code [0x000000000314f820, 0x000000000314faf8]

GC Heap History (0 events):
No events

Deoptimization events (1 events):
Event: 0.765 Thread 0x0000000002e80800 Uncommon trap: reason=unstable_if action=reinterpret pc=0x0000000003131098 method=java.lang.String.indexOf([CII[CIII)I @ 3

Internal exceptions (8 events):
Event: 0.165 Thread 0x0000000002e80800 Exception <a 'java/lang/NoSuchMethodError': Method sun.misc.Unsafe.defineClass(Ljava/lang/String;[BII)Ljava/lang/Class; name or signature does not match> (0x00000000eb007c78) thrown at [C:\re\workspace\8-2-build-windows-amd64-cygwin\jdk8u111\7883\hotspot\
Event: 0.165 Thread 0x0000000002e80800 Exception <a 'java/lang/NoSuchMethodError': Method sun.misc.Unsafe.prefetchRead(Ljava/lang/Object;J)V name or signature does not match> (0x00000000eb007f60) thrown at [C:\re\workspace\8-2-build-windows-amd64-cygwin\jdk8u111\7883\hotspot\src\share\vm\prims
Event: 0.486 Thread 0x0000000002e80800 Exception <a 'java/security/PrivilegedActionException'> (0x00000000eb1bfcd8) thrown at [C:\re\workspace\8-2-build-windows-amd64-cygwin\jdk8u111\7883\hotspot\src\share\vm\prims\jvm.cpp, line 1386]
Event: 0.486 Thread 0x0000000002e80800 Exception <a 'java/security/PrivilegedActionException'> (0x00000000eb1c00d0) thrown at [C:\re\workspace\8-2-build-windows-amd64-cygwin\jdk8u111\7883\hotspot\src\share\vm\prims\jvm.cpp, line 1386]
Event: 0.487 Thread 0x0000000002e80800 Exception <a 'java/security/PrivilegedActionException'> (0x00000000eb1c40e8) thrown at [C:\re\workspace\8-2-build-windows-amd64-cygwin\jdk8u111\7883\hotspot\src\share\vm\prims\jvm.cpp, line 1386]
Event: 0.487 Thread 0x0000000002e80800 Exception <a 'java/security/PrivilegedActionException'> (0x00000000eb1c44e0) thrown at [C:\re\workspace\8-2-build-windows-amd64-cygwin\jdk8u111\7883\hotspot\src\share\vm\prims\jvm.cpp, line 1386]
Event: 0.672 Thread 0x0000000002e80800 Exception <a 'java/lang/NoSuchFieldError': method resolution failed> (0x00000000eb2f0920) thrown at [C:\re\workspace\8-2-build-windows-amd64-cygwin\jdk8u111\7883\hotspot\src\share\vm\prims\methodHandles.cpp, line 1146]
Event: 0.675 Thread 0x0000000002e80800 Exception <a 'java/lang/NoSuchFieldError': method resolution failed> (0x00000000eb2fdcf0) thrown at [C:\re\workspace\8-2-build-windows-amd64-cygwin\jdk8u111\7883\hotspot\src\share\vm\prims\methodHandles.cpp, line 1146]

Events (10 events):
Event: 0.788 loading class java/util/concurrent/locks/Condition done
Event: 0.788 loading class java/util/concurrent/locks/AbstractQueuedSynchronizer$ConditionObject done
Event: 1.088 loading class org/jocl/cl_context_properties
Event: 1.088 loading class org/jocl/cl_context_properties done
Event: 1.088 loading class org/jocl/cl_abstract_properties
Event: 1.088 loading class org/jocl/cl_abstract_properties done
Event: 1.089 loading class java/nio/HeapLongBuffer
Event: 1.089 loading class java/nio/HeapLongBuffer done
Event: 1.327 loading class org/jocl/Sizeof
Event: 1.327 loading class org/jocl/Sizeof done


Dynamic libraries:
0x00007ff66a8c0000 - 0x00007ff66a8f7000 	C:\Program Files\Java\jre1.8.0_111\bin\javaw.exe
0x00007ffdbcd30000 - 0x00007ffdbcf0b000 	C:\WINDOWS\SYSTEM32\ntdll.dll
0x00007ffdba440000 - 0x00007ffdba4ee000 	C:\WINDOWS\System32\KERNEL32.DLL
0x00007ffdb9250000 - 0x00007ffdb9499000 	C:\WINDOWS\System32\KERNELBASE.dll
0x00007ffdbc4d0000 - 0x00007ffdbc571000 	C:\WINDOWS\System32\ADVAPI32.dll
0x00007ffdba550000 - 0x00007ffdba5ed000 	C:\WINDOWS\System32\msvcrt.dll
0x00007ffdbc6a0000 - 0x00007ffdbc6f9000 	C:\WINDOWS\System32\sechost.dll
0x00007ffdba290000 - 0x00007ffdba3b5000 	C:\WINDOWS\System32\RPCRT4.dll
0x00007ffdbc700000 - 0x00007ffdbc84a000 	C:\WINDOWS\System32\USER32.dll
0x00007ffdb95c0000 - 0x00007ffdb95de000 	C:\WINDOWS\System32\win32u.dll
0x00007ffdba4f0000 - 0x00007ffdba517000 	C:\WINDOWS\System32\GDI32.dll
0x00007ffdb9e80000 - 0x00007ffdba007000 	C:\WINDOWS\System32\gdi32full.dll
0x00007ffdb96e0000 - 0x00007ffdb977a000 	C:\WINDOWS\System32\msvcp_win.dll
0x00007ffdb95e0000 - 0x00007ffdb96d6000 	C:\WINDOWS\System32\ucrtbase.dll
0x00007ffdadaf0000 - 0x00007ffdadd57000 	C:\WINDOWS\WinSxS\amd64_microsoft.windows.common-controls_6595b64144ccf1df_6.0.15063.483_none_26002d27e7c744a2\COMCTL32.dll
0x00007ffdbc1d0000 - 0x00007ffdbc4c9000 	C:\WINDOWS\System32\combase.dll
0x00007ffdb9550000 - 0x00007ffdb95ba000 	C:\WINDOWS\System32\bcryptPrimitives.dll
0x00007ffdba520000 - 0x00007ffdba54d000 	C:\WINDOWS\System32\IMM32.DLL
0x000000006ddd0000 - 0x000000006dea2000 	C:\Program Files\Java\jre1.8.0_111\bin\msvcr100.dll
0x000000006dfa0000 - 0x000000006e83a000 	C:\Program Files\Java\jre1.8.0_111\bin\server\jvm.dll
0x00007ffdbc690000 - 0x00007ffdbc698000 	C:\WINDOWS\System32\PSAPI.DLL
0x00007ffdab9a0000 - 0x00007ffdab9a9000 	C:\WINDOWS\SYSTEM32\WSOCK32.dll
0x00007ffdba3d0000 - 0x00007ffdba43c000 	C:\WINDOWS\System32\WS2_32.dll
0x00007ffdb68f0000 - 0x00007ffdb6913000 	C:\WINDOWS\SYSTEM32\WINMM.dll
0x00007ffdacbe0000 - 0x00007ffdacbea000 	C:\WINDOWS\SYSTEM32\VERSION.dll
0x00007ffdb6410000 - 0x00007ffdb643b000 	C:\WINDOWS\SYSTEM32\WINMMBASE.dll
0x00007ffdba240000 - 0x00007ffdba289000 	C:\WINDOWS\System32\cfgmgr32.dll
0x0000000070210000 - 0x000000007021f000 	C:\Program Files\Java\jre1.8.0_111\bin\verify.dll
0x000000006df70000 - 0x000000006df99000 	C:\Program Files\Java\jre1.8.0_111\bin\java.dll
0x00000000701f0000 - 0x0000000070206000 	C:\Program Files\Java\jre1.8.0_111\bin\zip.dll
0x00007ffdbac90000 - 0x00007ffdbc0c6000 	C:\WINDOWS\System32\SHELL32.dll
0x00007ffdba9e0000 - 0x00007ffdbaa8a000 	C:\WINDOWS\System32\shcore.dll
0x00007ffdb9780000 - 0x00007ffdb9e71000 	C:\WINDOWS\System32\windows.storage.dll
0x00007ffdbac30000 - 0x00007ffdbac81000 	C:\WINDOWS\System32\shlwapi.dll
0x00007ffdb9230000 - 0x00007ffdb9241000 	C:\WINDOWS\System32\kernel.appcore.dll
0x00007ffdb91e0000 - 0x00007ffdb922c000 	C:\WINDOWS\System32\powrprof.dll
0x00007ffdb91c0000 - 0x00007ffdb91d5000 	C:\WINDOWS\System32\profapi.dll
0x00007ffda7ba0000 - 0x00007ffda7bdd000 	C:\Users\Akhil P\AppData\Local\Temp\JOCL_2_0_0-windows-x86_64.dll
0x00007ffdb8bf0000 - 0x00007ffdb8bfb000 	C:\WINDOWS\SYSTEM32\CRYPTBASE.DLL
0x00007ffd9a420000 - 0x00007ffd9a4a1000 	C:\WINDOWS\SYSTEM32\OpenCL.dll
0x00007ffd9e130000 - 0x00007ffd9e197000 	C:\WINDOWS\SYSTEM32\IntelOpenCL64.dll
0x00007ffd8e2d0000 - 0x00007ffd8e492000 	C:\Program Files (x86)\Common Files\Intel\OpenCL\bin\x64\intelocl64.dll
0x00007ffdb5230000 - 0x00007ffdb5351000 	C:\WINDOWS\SYSTEM32\OPENGL32.dll
0x00007ffd9a380000 - 0x00007ffd9a41d000 	C:\Program Files (x86)\Common Files\Intel\OpenCL\bin\x64\task_executor64.dll
0x00007ffdb61e0000 - 0x00007ffdb620c000 	C:\WINDOWS\SYSTEM32\GLU32.dll
0x00007ffd92fb0000 - 0x00007ffd93088000 	C:\Program Files (x86)\Common Files\Intel\OpenCL\bin\x64\cpu_device64.dll
0x00007ffd8d120000 - 0x00007ffd8d5e1000 	C:\WINDOWS\SYSTEM32\igdrcl64.dll
0x00007ffdb80e0000 - 0x00007ffdb8184000 	C:\WINDOWS\SYSTEM32\dxgi.dll
0x00007ffd98b90000 - 0x00007ffd98bd3000 	C:\WINDOWS\SYSTEM32\igdfcl64.dll
0x00007ffd873e0000 - 0x00007ffd87957000 	C:\WINDOWS\SYSTEM32\igdmcl64.dll
0x00007ffda8a90000 - 0x00007ffda8c39000 	C:\WINDOWS\SYSTEM32\dbghelp.dll
0x00007ffd98520000 - 0x00007ffd9858d000 	C:\WINDOWS\SYSTEM32\igdbcl64.dll
0x00007ffdae290000 - 0x00007ffdaecd0000 	C:\WINDOWS\SYSTEM32\igdusc64.dll
0x00007ffd70a30000 - 0x00007ffd7203d000 	C:\WINDOWS\System32\nvopencl.dll
0x00007ffdbc8f0000 - 0x00007ffdbcd2b000 	C:\WINDOWS\System32\SETUPAPI.dll
0x00007ffd91aa0000 - 0x00007ffd91b53000 	C:\WINDOWS\SYSTEM32\nvfatbinaryLoader.dll
0x00007ffdb7aa0000 - 0x00007ffdb7b35000 	C:\WINDOWS\system32\uxtheme.dll
0x00007ffdb7cd0000 - 0x00007ffdb7cf8000 	C:\WINDOWS\SYSTEM32\DEVOBJ.dll
0x00007ffdba1e0000 - 0x00007ffdba236000 	C:\WINDOWS\System32\WINTRUST.dll
0x00007ffdb91a0000 - 0x00007ffdb91b1000 	C:\WINDOWS\System32\MSASN1.dll
0x00007ffdba010000 - 0x00007ffdba1d9000 	C:\WINDOWS\System32\CRYPT32.dll
0x00007ffda7420000 - 0x00007ffda785f000 	C:\WINDOWS\system32\nvapi64.dll
0x00007ffdba890000 - 0x00007ffdba9d5000 	C:\WINDOWS\System32\ole32.dll
0x00007ffd6ee60000 - 0x00007ffd70a2d000 	C:\WINDOWS\SYSTEM32\common_clang64.dll

VM Arguments:
jvm_args: -Dfile.encoding=UTF-8 
java_command: experiments.AlgorithmRunner
java_class_path (initial): F:\Thesis_code\database-vertical-partitioning\target\classes;C:\Users\Akhil P\.m2\repository\net\sf\trove4j\trove4j\3.0.3\trove4j-3.0.3.jar;C:\Users\Akhil P\.m2\repository\org\postgresql\postgresql\42.1.4\postgresql-42.1.4.jar;C:\Users\Akhil P\.m2\repository\org\jocl\jocl\2.0.0\jocl-2.0.0.jar
Launcher Type: SUN_STANDARD

Environment Variables:
PATH=C:/Program Files/Java/jre1.8.0_111/bin/server;C:/Program Files/Java/jre1.8.0_111/bin;C:/Program Files/Java/jre1.8.0_111/lib/amd64;C:\ProgramData\Oracle\Java\javapath;C:\Program Files (x86)\Intel\iCLS Client\;C:\Program Files\Intel\iCLS Client\;C:\Program Files (x86)\NVIDIA Corporation\PhysX\Common;C:\WINDOWS\system32;C:\WINDOWS;C:\WINDOWS\System32\Wbem;C:\WINDOWS\System32\WindowsPowerShell\v1.0\;C:\Program Files\Hewlett-Packard\SimplePass\;C:\Program Files (x86)\Windows Live\Shared;C:\Program Files\Intel\Intel(R) Management Engine Components\DAL;C:\Program Files (x86)\Intel\Intel(R) Management Engine Components\DAL;C:\Program Files\Intel\Intel(R) Management Engine Components\IPT;C:\Program Files (x86)\Intel\Intel(R) Management Engine Components\IPT;C:\php;C:\Apache24;C:\Apache24\bin;C:\Program Files\Git\cmd;C:\Program Files\MySQL\MySQL Utilities 1.6\;C:\Program Files (x86)\Skype\Phone\;C:\MinGW\bin;C:\Program Files (x86)\Java\jre1.8.0_91\bin;C:\Users\Akhil P\AppData\Local\Microsoft\WindowsApps;C:\Program Files\CMake\bin;C:\Users\Akhil P\Desktop;
USERNAME=Akhil P
OS=Windows_NT
PROCESSOR_IDENTIFIER=Intel64 Family 6 Model 69 Stepping 1, GenuineIntel



---------------  S Y S T E M  ---------------

OS: Windows 10.0 , 64 bit Build 15063 (10.0.15063.296)

CPU:total 4 (2 cores per cpu, 2 threads per core) family 6 model 69 stepping 1, cmov, cx8, fxsr, mmx, sse, sse2, sse3, ssse3, sse4.1, sse4.2, popcnt, avx, avx2, aes, clmul, erms, lzcnt, ht, tsc, tscinvbit, bmi1, bmi2

Memory: 4k page, physical 4124504k(538672k free), swap 7139160k(2123888k free)

vm_info: Java HotSpot(TM) 64-Bit Server VM (25.111-b14) for windows-amd64 JRE (1.8.0_111-b14), built on Sep 22 2016 19:24:05 by "java_re" with MS VC++ 10.0 (VS2010)

time: Wed Nov 29 17:10:55 2017
elapsed time: 2 seconds (0d 0h 0m 2s)

