#
# A fatal error has been detected by the Java Runtime Environment:
#
#  EXCEPTION_ACCESS_VIOLATION (0xc0000005) at pc=0x00007ffe63effb11, pid=9180, tid=0x00000000000010bc
#
# JRE version: Java(TM) SE Runtime Environment (8.0_111-b14) (build 1.8.0_111-b14)
# Java VM: Java HotSpot(TM) 64-Bit Server VM (25.111-b14 mixed mode windows-amd64 compressed oops)
# Problematic frame:
# C  [JOCL_2_0_0-windows-x86_64.dll+0xfb11]
#
# Failed to write core dump. Minidumps are not enabled by default on client versions of Windows
#
# If you would like to submit a bug report, please visit:
#   http://bugreport.java.com/bugreport/crash.jsp
# The crash happened outside the Java Virtual Machine in native code.
# See problematic frame for where to report the bug.
#

---------------  T H R E A D  ---------------

Current thread (0x00000000027c0800):  JavaThread "main" [_thread_in_native, id=4284, stack(0x0000000002630000,0x0000000002730000)]

siginfo: ExceptionCode=0xc0000005, reading address 0x00000000181ef178

Registers:
RAX=0x000000000272ef50, RBX=0x00000000181ef178, RCX=0x0000000000000006, RDX=0x00007ffe63f17eb0
RSP=0x000000000272eee0, RBP=0x000000000272efe0, RSI=0x0000000017ea6fa0, RDI=0x00000000027c09f8
R8 =0x0000000000980150, R9 =0x0000000000000000, R10=0x000000000000003a, R11=0x000000000272ec60
R12=0x0000000000000000, R13=0x00000000149735b0, R14=0x000000000272f000, R15=0x00000000027c0800
RIP=0x00007ffe63effb11, EFLAGS=0x0000000000010202

Top of Stack: (sp=0x000000000272eee0)
0x000000000272eee0:   00000000009c15e0 00007ffe63f17eb0
0x000000000272eef0:   0000000000980150 0000000000000000
0x000000000272ef00:   00000000027c09f8 00007ffe63effbdc
0x000000000272ef10:   00000000181ef150 00000000027c09f8
0x000000000272ef20:   000000000099e130 00000000193cff90
0x000000000272ef30:   00000000027c09f8 00007ffe63efc261
0x000000000272ef40:   0000000000000000 00007ffe00000001
0x000000000272ef50:   000000000099e130 0000000017ea6fa0
0x000000000272ef60:   00000000028c7da0 00000000028d7f74
0x000000000272ef70:   0000000000200031 00000000149735b0
0x000000000272ef80:   0000000014973d28 000000001496e768
0x000000000272ef90:   0000000000000000 000000000272efb0
0x000000000272efa0:   000000000272efa0 0000000000000000
0x000000000272efb0:   000000000272f000 000000001497e780
0x000000000272efc0:   0000000000000000 00000000149735b0
0x000000000272efd0:   0000000000000000 000000000272f000 

Instructions: (pc=0x00007ffe63effb11)
0x00007ffe63effaf1:   89 5c 24 08 57 48 83 ec 20 48 8b da 48 8b f9 48
0x00007ffe63effb01:   8d 15 a9 83 01 00 b9 06 00 00 00 e8 5f e3 ff ff
0x00007ffe63effb11:   48 8b 13 48 85 d2 74 40 48 8b 12 48 85 d2 74 0c
0x00007ffe63effb21:   48 8b 07 48 8b cf ff 90 b0 00 00 00 48 8b 03 48 


Register to memory mapping:

RAX=0x000000000272ef50 is pointing into the stack for thread: 0x00000000027c0800
RBX=0x00000000181ef178 is an unknown value
RCX=0x0000000000000006 is an unknown value
RDX=0x00007ffe63f17eb0 is an unknown value
RSP=0x000000000272eee0 is pointing into the stack for thread: 0x00000000027c0800
RBP=0x000000000272efe0 is pointing into the stack for thread: 0x00000000027c0800
RSI=0x0000000017ea6fa0 is an unknown value
RDI=0x00000000027c09f8 is an unknown value
R8 =0x0000000000980150 is an unknown value
R9 =0x0000000000000000 is an unknown value
R10=0x000000000000003a is an unknown value
R11=0x000000000272ec60 is pointing into the stack for thread: 0x00000000027c0800
R12=0x0000000000000000 is an unknown value
R13={method} {0x00000000149735b8} 'clReleaseContextNative' '(Lorg/jocl/cl_context;)I' in 'org/jocl/CL'
R14=0x000000000272f000 is pointing into the stack for thread: 0x00000000027c0800
R15=0x00000000027c0800 is a thread


Stack: [0x0000000002630000,0x0000000002730000],  sp=0x000000000272eee0,  free space=1019k
Native frames: (J=compiled Java code, j=interpreted, Vv=VM code, C=native code)
C  [JOCL_2_0_0-windows-x86_64.dll+0xfb11]
C  [JOCL_2_0_0-windows-x86_64.dll+0xfbdc]
C  [JOCL_2_0_0-windows-x86_64.dll+0xc261]
C  0x00000000028d7f74

Java frames: (J=compiled Java code, j=interpreted, Vv=VM code)
j  org.jocl.CL.clReleaseContextNative(Lorg/jocl/cl_context;)I+0
j  org.jocl.CL.clReleaseContext(Lorg/jocl/cl_context;)I+1
j  core.algo.vertical.HillClimbCL.doComparison([I[I)[I+565
j  core.algo.vertical.HillClimbCL.doMerge([I[I)[I+16
j  core.algo.vertical.HillClimbCL.main([Ljava/lang/String;)V+110
v  ~StubRoutines::call_stub

---------------  P R O C E S S  ---------------

Java Threads: ( => current thread )
  0x0000000014f4e800 JavaThread "Service Thread" daemon [_thread_blocked, id=9788, stack(0x0000000016c50000,0x0000000016d50000)]
  0x0000000014f4a800 JavaThread "C1 CompilerThread2" daemon [_thread_blocked, id=6728, stack(0x0000000016b50000,0x0000000016c50000)]
  0x0000000014ef0000 JavaThread "C2 CompilerThread1" daemon [_thread_blocked, id=2276, stack(0x0000000016650000,0x0000000016750000)]
  0x0000000014eed000 JavaThread "C2 CompilerThread0" daemon [_thread_blocked, id=1820, stack(0x0000000016550000,0x0000000016650000)]
  0x0000000014eeb000 JavaThread "Attach Listener" daemon [_thread_blocked, id=104, stack(0x0000000016450000,0x0000000016550000)]
  0x0000000014eea000 JavaThread "Signal Dispatcher" daemon [_thread_blocked, id=2920, stack(0x0000000016350000,0x0000000016450000)]
  0x0000000014eda800 JavaThread "Finalizer" daemon [_thread_blocked, id=9720, stack(0x0000000016160000,0x0000000016260000)]
  0x00000000028af000 JavaThread "Reference Handler" daemon [_thread_blocked, id=10476, stack(0x0000000016060000,0x0000000016160000)]
=>0x00000000027c0800 JavaThread "main" [_thread_in_native, id=4284, stack(0x0000000002630000,0x0000000002730000)]

Other Threads:
  0x0000000014eb7800 VMThread [stack: 0x0000000015f60000,0x0000000016060000] [id=7460]
  0x0000000016775000 WatcherThread [stack: 0x0000000016d50000,0x0000000016e50000] [id=12708]

VM state:not at safepoint (normal execution)

VM Mutex/Monitor currently owned by a thread: None

Heap:
 PSYoungGen      total 18944K, used 327K [0x00000000eb000000, 0x00000000ec500000, 0x0000000100000000)
  eden space 16384K, 2% used [0x00000000eb000000,0x00000000eb051ed0,0x00000000ec000000)
  from space 2560K, 0% used [0x00000000ec280000,0x00000000ec280000,0x00000000ec500000)
  to   space 2560K, 0% used [0x00000000ec000000,0x00000000ec000000,0x00000000ec280000)
 ParOldGen       total 44032K, used 400K [0x00000000c1000000, 0x00000000c3b00000, 0x00000000eb000000)
  object space 44032K, 0% used [0x00000000c1000000,0x00000000c10640e8,0x00000000c3b00000)
 Metaspace       used 3662K, capacity 4796K, committed 5120K, reserved 1056768K
  class space    used 415K, capacity 428K, committed 512K, reserved 1048576K

Card table byte_map: [0x0000000011c80000,0x0000000011e80000] byte_map_base: 0x0000000011678000

Marking Bits: (ParMarkBitMap*) 0x000000006a46a6c0
 Begin Bits: [0x00000000123d0000, 0x0000000013390000)
 End Bits:   [0x0000000013390000, 0x0000000014350000)

Polling page: 0x0000000002740000

CodeCache: size=245760Kb used=1267Kb max_used=1267Kb free=244493Kb
 bounds [0x00000000028c0000, 0x0000000002b30000, 0x00000000118c0000]
 total_blobs=383 nmethods=109 adapters=187
 compilation: enabled

Compilation events (10 events):
Event: 21.486 Thread 0x0000000014f4a800  105       3       java.nio.Buffer::clear (20 bytes)
Event: 21.486 Thread 0x0000000014f4a800 nmethod 105 0x00000000029fb990 code [0x00000000029fbae0, 0x00000000029fbc50]
Event: 21.486 Thread 0x0000000014f4a800  106       3       java.nio.Buffer::hasRemaining (17 bytes)
Event: 21.486 Thread 0x0000000014f4a800 nmethod 106 0x00000000029fbcd0 code [0x00000000029fbe20, 0x00000000029fbfd0]
Event: 21.486 Thread 0x0000000014f4a800  107       3       java.nio.Buffer::remaining (10 bytes)
Event: 21.486 Thread 0x0000000014f4a800 nmethod 107 0x00000000029fc050 code [0x00000000029fc1a0, 0x00000000029fc2f0]
Event: 21.486 Thread 0x0000000014f4a800  108   !   3       java.nio.CharBuffer::wrap (20 bytes)
Event: 21.486 Thread 0x0000000014f4a800 nmethod 108 0x00000000029fc350 code [0x00000000029fc4e0, 0x00000000029fc878]
Event: 26.720 Thread 0x0000000014f4a800  109       3       java.nio.Buffer::limit (62 bytes)
Event: 26.720 Thread 0x0000000014f4a800 nmethod 109 0x00000000029fcad0 code [0x00000000029fcc40, 0x00000000029fcf48]

GC Heap History (8 events):
Event: 16.249 GC heap before
{Heap before GC invocations=1 (full 0):
 PSYoungGen      total 18944K, used 2041K [0x00000000eb000000, 0x00000000ec500000, 0x0000000100000000)
  eden space 16384K, 12% used [0x00000000eb000000,0x00000000eb1fe7e8,0x00000000ec000000)
  from space 2560K, 0% used [0x00000000ec280000,0x00000000ec280000,0x00000000ec500000)
  to   space 2560K, 0% used [0x00000000ec000000,0x00000000ec000000,0x00000000ec280000)
 ParOldGen       total 44032K, used 0K [0x00000000c1000000, 0x00000000c3b00000, 0x00000000eb000000)
  object space 44032K, 0% used [0x00000000c1000000,0x00000000c1000000,0x00000000c3b00000)
 Metaspace       used 3657K, capacity 4796K, committed 5120K, reserved 1056768K
  class space    used 415K, capacity 428K, committed 512K, reserved 1048576K
Event: 16.258 GC heap after
Heap after GC invocations=1 (full 0):
 PSYoungGen      total 18944K, used 576K [0x00000000eb000000, 0x00000000ec500000, 0x0000000100000000)
  eden space 16384K, 0% used [0x00000000eb000000,0x00000000eb000000,0x00000000ec000000)
  from space 2560K, 22% used [0x00000000ec000000,0x00000000ec090020,0x00000000ec280000)
  to   space 2560K, 0% used [0x00000000ec280000,0x00000000ec280000,0x00000000ec500000)
 ParOldGen       total 44032K, used 8K [0x00000000c1000000, 0x00000000c3b00000, 0x00000000eb000000)
  object space 44032K, 0% used [0x00000000c1000000,0x00000000c1002000,0x00000000c3b00000)
 Metaspace       used 3657K, capacity 4796K, committed 5120K, reserved 1056768K
  class space    used 415K, capacity 428K, committed 512K, reserved 1048576K
}
Event: 16.258 GC heap before
{Heap before GC invocations=2 (full 1):
 PSYoungGen      total 18944K, used 576K [0x00000000eb000000, 0x00000000ec500000, 0x0000000100000000)
  eden space 16384K, 0% used [0x00000000eb000000,0x00000000eb000000,0x00000000ec000000)
  from space 2560K, 22% used [0x00000000ec000000,0x00000000ec090020,0x00000000ec280000)
  to   space 2560K, 0% used [0x00000000ec280000,0x00000000ec280000,0x00000000ec500000)
 ParOldGen       total 44032K, used 8K [0x00000000c1000000, 0x00000000c3b00000, 0x00000000eb000000)
  object space 44032K, 0% used [0x00000000c1000000,0x00000000c1002000,0x00000000c3b00000)
 Metaspace       used 3657K, capacity 4796K, committed 5120K, reserved 1056768K
  class space    used 415K, capacity 428K, committed 512K, reserved 1048576K
Event: 16.266 GC heap after
Heap after GC invocations=2 (full 1):
 PSYoungGen      total 18944K, used 0K [0x00000000eb000000, 0x00000000ec500000, 0x0000000100000000)
  eden space 16384K, 0% used [0x00000000eb000000,0x00000000eb000000,0x00000000ec000000)
  from space 2560K, 0% used [0x00000000ec000000,0x00000000ec000000,0x00000000ec280000)
  to   space 2560K, 0% used [0x00000000ec280000,0x00000000ec280000,0x00000000ec500000)
 ParOldGen       total 44032K, used 496K [0x00000000c1000000, 0x00000000c3b00000, 0x00000000eb000000)
  object space 44032K, 1% used [0x00000000c1000000,0x00000000c107c088,0x00000000c3b00000)
 Metaspace       used 3657K, capacity 4796K, committed 5120K, reserved 1056768K
  class space    used 415K, capacity 428K, committed 512K, reserved 1048576K
}
Event: 21.722 GC heap before
{Heap before GC invocations=3 (full 1):
 PSYoungGen      total 18944K, used 327K [0x00000000eb000000, 0x00000000ec500000, 0x0000000100000000)
  eden space 16384K, 2% used [0x00000000eb000000,0x00000000eb051ed0,0x00000000ec000000)
  from space 2560K, 0% used [0x00000000ec000000,0x00000000ec000000,0x00000000ec280000)
  to   space 2560K, 0% used [0x00000000ec280000,0x00000000ec280000,0x00000000ec500000)
 ParOldGen       total 44032K, used 496K [0x00000000c1000000, 0x00000000c3b00000, 0x00000000eb000000)
  object space 44032K, 1% used [0x00000000c1000000,0x00000000c107c088,0x00000000c3b00000)
 Metaspace       used 3662K, capacity 4796K, committed 5120K, reserved 1056768K
  class space    used 415K, capacity 428K, committed 512K, reserved 1048576K
Event: 21.723 GC heap after
Heap after GC invocations=3 (full 1):
 PSYoungGen      total 18944K, used 64K [0x00000000eb000000, 0x00000000ec500000, 0x0000000100000000)
  eden space 16384K, 0% used [0x00000000eb000000,0x00000000eb000000,0x00000000ec000000)
  from space 2560K, 2% used [0x00000000ec280000,0x00000000ec290000,0x00000000ec500000)
  to   space 2560K, 0% used [0x00000000ec000000,0x00000000ec000000,0x00000000ec280000)
 ParOldGen       total 44032K, used 496K [0x00000000c1000000, 0x00000000c3b00000, 0x00000000eb000000)
  object space 44032K, 1% used [0x00000000c1000000,0x00000000c107c088,0x00000000c3b00000)
 Metaspace       used 3662K, capacity 4796K, committed 5120K, reserved 1056768K
  class space    used 415K, capacity 428K, committed 512K, reserved 1048576K
}
Event: 21.723 GC heap before
{Heap before GC invocations=4 (full 2):
 PSYoungGen      total 18944K, used 64K [0x00000000eb000000, 0x00000000ec500000, 0x0000000100000000)
  eden space 16384K, 0% used [0x00000000eb000000,0x00000000eb000000,0x00000000ec000000)
  from space 2560K, 2% used [0x00000000ec280000,0x00000000ec290000,0x00000000ec500000)
  to   space 2560K, 0% used [0x00000000ec000000,0x00000000ec000000,0x00000000ec280000)
 ParOldGen       total 44032K, used 496K [0x00000000c1000000, 0x00000000c3b00000, 0x00000000eb000000)
  object space 44032K, 1% used [0x00000000c1000000,0x00000000c107c088,0x00000000c3b00000)
 Metaspace       used 3662K, capacity 4796K, committed 5120K, reserved 1056768K
  class space    used 415K, capacity 428K, committed 512K, reserved 1048576K
Event: 21.731 GC heap after
Heap after GC invocations=4 (full 2):
 PSYoungGen      total 18944K, used 0K [0x00000000eb000000, 0x00000000ec500000, 0x0000000100000000)
  eden space 16384K, 0% used [0x00000000eb000000,0x00000000eb000000,0x00000000ec000000)
  from space 2560K, 0% used [0x00000000ec280000,0x00000000ec280000,0x00000000ec500000)
  to   space 2560K, 0% used [0x00000000ec000000,0x00000000ec000000,0x00000000ec280000)
 ParOldGen       total 44032K, used 400K [0x00000000c1000000, 0x00000000c3b00000, 0x00000000eb000000)
  object space 44032K, 0% used [0x00000000c1000000,0x00000000c10640e8,0x00000000c3b00000)
 Metaspace       used 3662K, capacity 4796K, committed 5120K, reserved 1056768K
  class space    used 415K, capacity 428K, committed 512K, reserved 1048576K
}

Deoptimization events (0 events):
No events

Internal exceptions (2 events):
Event: 0.111 Thread 0x00000000027c0800 Exception <a 'java/lang/NoSuchMethodError': Method sun.misc.Unsafe.defineClass(Ljava/lang/String;[BII)Ljava/lang/Class; name or signature does not match> (0x00000000eb007c78) thrown at [C:\re\workspace\8-2-build-windows-amd64-cygwin\jdk8u111\7883\hotspot\
Event: 0.111 Thread 0x00000000027c0800 Exception <a 'java/lang/NoSuchMethodError': Method sun.misc.Unsafe.prefetchRead(Ljava/lang/Object;J)V name or signature does not match> (0x00000000eb007f60) thrown at [C:\re\workspace\8-2-build-windows-amd64-cygwin\jdk8u111\7883\hotspot\src\share\vm\prims

Events (10 events):
Event: 7.912 loading class java/nio/HeapLongBuffer
Event: 7.912 loading class java/nio/HeapLongBuffer done
Event: 15.980 loading class org/jocl/Sizeof
Event: 15.980 loading class org/jocl/Sizeof done
Event: 16.225 Executing VM operation: ParallelGCSystemGC
Event: 16.266 Executing VM operation: ParallelGCSystemGC done
Event: 16.266 Executing VM operation: RevokeBias
Event: 16.266 Executing VM operation: RevokeBias done
Event: 21.722 Executing VM operation: ParallelGCSystemGC
Event: 21.731 Executing VM operation: ParallelGCSystemGC done


Dynamic libraries:
0x00007ff677a50000 - 0x00007ff677a87000 	C:\Program Files\Java\jre1.8.0_111\bin\javaw.exe
0x00007ffe75320000 - 0x00007ffe754fb000 	C:\WINDOWS\SYSTEM32\ntdll.dll
0x00007ffe72880000 - 0x00007ffe7292e000 	C:\WINDOWS\System32\KERNEL32.DLL
0x00007ffe723c0000 - 0x00007ffe72609000 	C:\WINDOWS\System32\KERNELBASE.dll
0x00007ffe73ac0000 - 0x00007ffe73b61000 	C:\WINDOWS\System32\ADVAPI32.dll
0x00007ffe75200000 - 0x00007ffe7529d000 	C:\WINDOWS\System32\msvcrt.dll
0x00007ffe72960000 - 0x00007ffe729b9000 	C:\WINDOWS\System32\sechost.dll
0x00007ffe735c0000 - 0x00007ffe736e5000 	C:\WINDOWS\System32\RPCRT4.dll
0x00007ffe736f0000 - 0x00007ffe7383a000 	C:\WINDOWS\System32\USER32.dll
0x00007ffe72040000 - 0x00007ffe7205e000 	C:\WINDOWS\System32\win32u.dll
0x00007ffe72930000 - 0x00007ffe72957000 	C:\WINDOWS\System32\GDI32.dll
0x00007ffe72060000 - 0x00007ffe721e7000 	C:\WINDOWS\System32\gdi32full.dll
0x00007ffe727e0000 - 0x00007ffe7287a000 	C:\WINDOWS\System32\msvcp_win.dll
0x00007ffe72260000 - 0x00007ffe72356000 	C:\WINDOWS\System32\ucrtbase.dll
0x00007ffe65dc0000 - 0x00007ffe66027000 	C:\WINDOWS\WinSxS\amd64_microsoft.windows.common-controls_6595b64144ccf1df_6.0.15063.483_none_26002d27e7c744a2\COMCTL32.dll
0x00007ffe73060000 - 0x00007ffe73359000 	C:\WINDOWS\System32\combase.dll
0x00007ffe721f0000 - 0x00007ffe7225a000 	C:\WINDOWS\System32\bcryptPrimitives.dll
0x00007ffe73030000 - 0x00007ffe7305d000 	C:\WINDOWS\System32\IMM32.DLL
0x0000000069a50000 - 0x0000000069b22000 	C:\Program Files\Java\jre1.8.0_111\bin\msvcr100.dll
0x0000000069c50000 - 0x000000006a4ea000 	C:\Program Files\Java\jre1.8.0_111\bin\server\jvm.dll
0x00007ffe73c30000 - 0x00007ffe73c38000 	C:\WINDOWS\System32\PSAPI.DLL
0x00007ffe65030000 - 0x00007ffe6503a000 	C:\WINDOWS\SYSTEM32\VERSION.dll
0x00007ffe6f9c0000 - 0x00007ffe6f9e3000 	C:\WINDOWS\SYSTEM32\WINMM.dll
0x00007ffe63b40000 - 0x00007ffe63b49000 	C:\WINDOWS\SYSTEM32\WSOCK32.dll
0x00007ffe73840000 - 0x00007ffe738ac000 	C:\WINDOWS\System32\WS2_32.dll
0x00007ffe6f960000 - 0x00007ffe6f98b000 	C:\WINDOWS\SYSTEM32\WINMMBASE.dll
0x00007ffe71840000 - 0x00007ffe71889000 	C:\WINDOWS\System32\cfgmgr32.dll
0x0000000069c40000 - 0x0000000069c4f000 	C:\Program Files\Java\jre1.8.0_111\bin\verify.dll
0x0000000069c10000 - 0x0000000069c39000 	C:\Program Files\Java\jre1.8.0_111\bin\java.dll
0x0000000069bf0000 - 0x0000000069c06000 	C:\Program Files\Java\jre1.8.0_111\bin\zip.dll
0x00007ffe73c50000 - 0x00007ffe75086000 	C:\WINDOWS\System32\SHELL32.dll
0x00007ffe72ee0000 - 0x00007ffe72f8a000 	C:\WINDOWS\System32\shcore.dll
0x00007ffe71890000 - 0x00007ffe71f81000 	C:\WINDOWS\System32\windows.storage.dll
0x00007ffe72e80000 - 0x00007ffe72ed1000 	C:\WINDOWS\System32\shlwapi.dll
0x00007ffe717b0000 - 0x00007ffe717c1000 	C:\WINDOWS\System32\kernel.appcore.dll
0x00007ffe717d0000 - 0x00007ffe7181c000 	C:\WINDOWS\System32\powrprof.dll
0x00007ffe71790000 - 0x00007ffe717a5000 	C:\WINDOWS\System32\profapi.dll
0x00007ffe63ef0000 - 0x00007ffe63f2d000 	C:\Users\Akhil P\AppData\Local\Temp\JOCL_2_0_0-windows-x86_64.dll
0x00007ffe71200000 - 0x00007ffe7120b000 	C:\WINDOWS\SYSTEM32\CRYPTBASE.DLL
0x00007ffe63e60000 - 0x00007ffe63ee1000 	C:\WINDOWS\SYSTEM32\OpenCL.dll
0x00007ffe634c0000 - 0x00007ffe63527000 	C:\WINDOWS\SYSTEM32\IntelOpenCL64.dll
0x00007ffe4cbc0000 - 0x00007ffe4cd82000 	C:\Program Files (x86)\Common Files\Intel\OpenCL\bin\x64\intelocl64.dll
0x00007ffe50bf0000 - 0x00007ffe50d11000 	C:\WINDOWS\SYSTEM32\OPENGL32.dll
0x00007ffe60050000 - 0x00007ffe600ed000 	C:\Program Files (x86)\Common Files\Intel\OpenCL\bin\x64\task_executor64.dll
0x00007ffe514f0000 - 0x00007ffe5151c000 	C:\WINDOWS\SYSTEM32\GLU32.dll
0x00007ffe5f050000 - 0x00007ffe5f128000 	C:\Program Files (x86)\Common Files\Intel\OpenCL\bin\x64\cpu_device64.dll
0x00007ffe47060000 - 0x00007ffe47521000 	C:\WINDOWS\SYSTEM32\igdrcl64.dll
0x00007ffe706e0000 - 0x00007ffe70784000 	C:\WINDOWS\SYSTEM32\dxgi.dll
0x00007ffe63e10000 - 0x00007ffe63e53000 	C:\WINDOWS\SYSTEM32\igdfcl64.dll
0x00007ffe37960000 - 0x00007ffe37ed7000 	C:\WINDOWS\SYSTEM32\igdmcl64.dll
0x00007ffe619c0000 - 0x00007ffe61b69000 	C:\WINDOWS\SYSTEM32\dbghelp.dll
0x00007ffe5efe0000 - 0x00007ffe5f04d000 	C:\WINDOWS\SYSTEM32\igdbcl64.dll
0x00007ffe69b20000 - 0x00007ffe6a560000 	C:\WINDOWS\SYSTEM32\igdusc64.dll
0x00007ffe27880000 - 0x00007ffe28e8d000 	C:\WINDOWS\System32\nvopencl.dll
0x00007ffe72a20000 - 0x00007ffe72e5b000 	C:\WINDOWS\System32\SETUPAPI.dll
0x00007ffe5eb00000 - 0x00007ffe5ebb3000 	C:\WINDOWS\SYSTEM32\nvfatbinaryLoader.dll
0x00007ffe70090000 - 0x00007ffe70125000 	C:\WINDOWS\system32\uxtheme.dll
0x00007ffe703f0000 - 0x00007ffe70418000 	C:\WINDOWS\SYSTEM32\DEVOBJ.dll
0x00007ffe72360000 - 0x00007ffe723b6000 	C:\WINDOWS\System32\WINTRUST.dll
0x00007ffe71820000 - 0x00007ffe71831000 	C:\WINDOWS\System32\MSASN1.dll
0x00007ffe72610000 - 0x00007ffe727d9000 	C:\WINDOWS\System32\CRYPT32.dll
0x00007ffe46500000 - 0x00007ffe4693f000 	C:\WINDOWS\system32\nvapi64.dll
0x00007ffe73360000 - 0x00007ffe734a5000 	C:\WINDOWS\System32\ole32.dll
0x00007ffe25cb0000 - 0x00007ffe2787d000 	C:\WINDOWS\SYSTEM32\common_clang64.dll

VM Arguments:
jvm_args: -Dfile.encoding=UTF-8 
java_command: core.algo.vertical.HillClimbCL
java_class_path (initial): F:\Thesis_code\database-vertical-partitioning\target\classes;C:\Users\Akhil P\.m2\repository\net\sf\trove4j\trove4j\3.0.3\trove4j-3.0.3.jar;C:\Users\Akhil P\.m2\repository\org\postgresql\postgresql\42.1.4\postgresql-42.1.4.jar;C:\Users\Akhil P\.m2\repository\org\jocl\jocl\2.0.0\jocl-2.0.0.jar
Launcher Type: SUN_STANDARD

Environment Variables:
PATH=C:/Program Files/Java/jre1.8.0_111/bin/server;C:/Program Files/Java/jre1.8.0_111/bin;C:/Program Files/Java/jre1.8.0_111/lib/amd64;C:\ProgramData\Oracle\Java\javapath;C:\Program Files (x86)\Intel\iCLS Client\;C:\Program Files\Intel\iCLS Client\;C:\Program Files (x86)\NVIDIA Corporation\PhysX\Common;C:\WINDOWS\system32;C:\WINDOWS;C:\WINDOWS\System32\Wbem;C:\WINDOWS\System32\WindowsPowerShell\v1.0\;C:\Program Files\Hewlett-Packard\SimplePass\;C:\Program Files (x86)\Windows Live\Shared;C:\Program Files\Intel\Intel(R) Management Engine Components\DAL;C:\Program Files (x86)\Intel\Intel(R) Management Engine Components\DAL;C:\Program Files\Intel\Intel(R) Management Engine Components\IPT;C:\Program Files (x86)\Intel\Intel(R) Management Engine Components\IPT;C:\php;C:\Apache24;C:\Apache24\bin;C:\Program Files\Git\cmd;C:\Program Files\MySQL\MySQL Utilities 1.6\;C:\Program Files (x86)\Skype\Phone\;C:\MinGW\bin;C:\Program Files (x86)\Java\jre1.8.0_91\bin;C:\Users\Akhil P\AppData\Local\Microsoft\WindowsApps;C:\Program Files\CMake\bin;C:\Users\Akhil P\Desktop;
USERNAME=Akhil P
OS=Windows_NT
PROCESSOR_IDENTIFIER=Intel64 Family 6 Model 69 Stepping 1, GenuineIntel



---------------  S Y S T E M  ---------------

OS: Windows 10.0 , 64 bit Build 15063 (10.0.15063.296)

CPU:total 4 (2 cores per cpu, 2 threads per core) family 6 model 69 stepping 1, cmov, cx8, fxsr, mmx, sse, sse2, sse3, ssse3, sse4.1, sse4.2, popcnt, avx, avx2, aes, clmul, erms, lzcnt, ht, tsc, tscinvbit, bmi1, bmi2

Memory: 4k page, physical 4124504k(762940k free), swap 6877016k(2565924k free)

vm_info: Java HotSpot(TM) 64-Bit Server VM (25.111-b14) for windows-amd64 JRE (1.8.0_111-b14), built on Sep 22 2016 19:24:05 by "java_re" with MS VC++ 10.0 (VS2010)

time: Mon Oct 30 14:33:33 2017
elapsed time: 27 seconds (0d 0h 0m 27s)

