#
# A fatal error has been detected by the Java Runtime Environment:
#
#  EXCEPTION_ACCESS_VIOLATION (0xc0000005) at pc=0x00007ffcb054fb11, pid=9244, tid=0x0000000000002148
#
# JRE version: Java(TM) SE Runtime Environment (8.0_111-b14) (build 1.8.0_111-b14)
# Java VM: Java HotSpot(TM) 64-Bit Server VM (25.111-b14 mixed mode windows-amd64 compressed oops)
# Problematic frame:
# C  [JOCL_2_0_0-windows-x86_64.dll+0xfb11]
#
# Failed to write core dump. Minidumps are not enabled by default on client versions of Windows
#
# If you would like to submit a bug report, please visit:
#   http://bugreport.java.com/bugreport/crash.jsp
# The crash happened outside the Java Virtual Machine in native code.
# See problematic frame for where to report the bug.
#

---------------  T H R E A D  ---------------

Current thread (0x00000000028c0800):  JavaThread "main" [_thread_in_native, id=8520, stack(0x0000000002780000,0x0000000002880000)]

siginfo: ExceptionCode=0xc0000005, reading address 0x0000000018f99e48

Registers:
RAX=0x000000000287eb90, RBX=0x0000000018f99e48, RCX=0x0000000000000006, RDX=0x00007ffcb0567eb0
RSP=0x000000000287eb20, RBP=0x000000000287ec18, RSI=0x000000001857f960, RDI=0x00000000028c09f8
R8 =0x0000000000a70150, R9 =0x0000000000000000, R10=0x00000000000089bd, R11=0x000000000287e8a0
R12=0x0000000000000000, R13=0x0000000014afef98, R14=0x000000000287ec38, R15=0x00000000028c0800
RIP=0x00007ffcb054fb11, EFLAGS=0x0000000000010202

Top of Stack: (sp=0x000000000287eb20)
0x000000000287eb20:   0000000000ac2140 00007ffcb0567eb0
0x000000000287eb30:   0000000000a70150 0000000000000000
0x000000000287eb40:   00000000028c09f8 00007ffcb054fbdc
0x000000000287eb50:   0000000018f99e20 00000000028c09f8
0x000000000287eb60:   0000000000a8ed10 0000000019ccff40
0x000000000287eb70:   00000000028c09f8 00007ffcb054c261
0x000000000287eb80:   0000000000000000 00007ffc00000001
0x000000000287eb90:   0000000000a8ed10 000000001857f960
0x000000000287eba0:   0000000000000261 00000000029d7f74
0x000000000287ebb0:   0000000000000128 0000000014afef98
0x000000000287ebc0:   0000000014aff710 0000000000000000
0x000000000287ebd0:   000000000287ec30 000000000287ebd8
0x000000000287ebe0:   0000000000000000 000000000287ec38
0x000000000287ebf0:   0000000014b0a118 0000000000000000
0x000000000287ec00:   0000000014afef98 0000000000000000
0x000000000287ec10:   000000000287ec38 000000000287ec80 

Instructions: (pc=0x00007ffcb054fb11)
0x00007ffcb054faf1:   89 5c 24 08 57 48 83 ec 20 48 8b da 48 8b f9 48
0x00007ffcb054fb01:   8d 15 a9 83 01 00 b9 06 00 00 00 e8 5f e3 ff ff
0x00007ffcb054fb11:   48 8b 13 48 85 d2 74 40 48 8b 12 48 85 d2 74 0c
0x00007ffcb054fb21:   48 8b 07 48 8b cf ff 90 b0 00 00 00 48 8b 03 48 


Register to memory mapping:

RAX=0x000000000287eb90 is pointing into the stack for thread: 0x00000000028c0800
RBX=0x0000000018f99e48 is an unknown value
RCX=0x0000000000000006 is an unknown value
RDX=0x00007ffcb0567eb0 is an unknown value
RSP=0x000000000287eb20 is pointing into the stack for thread: 0x00000000028c0800
RBP=0x000000000287ec18 is pointing into the stack for thread: 0x00000000028c0800
RSI=0x000000001857f960 is an unknown value
RDI=0x00000000028c09f8 is an unknown value
R8 =0x0000000000a70150 is an unknown value
R9 =0x0000000000000000 is an unknown value
R10=0x00000000000089bd is an unknown value
R11=0x000000000287e8a0 is pointing into the stack for thread: 0x00000000028c0800
R12=0x0000000000000000 is an unknown value
R13={method} {0x0000000014afefa0} 'clReleaseContextNative' '(Lorg/jocl/cl_context;)I' in 'org/jocl/CL'
R14=0x000000000287ec38 is pointing into the stack for thread: 0x00000000028c0800
R15=0x00000000028c0800 is a thread


Stack: [0x0000000002780000,0x0000000002880000],  sp=0x000000000287eb20,  free space=1018k
Native frames: (J=compiled Java code, j=interpreted, Vv=VM code, C=native code)
C  [JOCL_2_0_0-windows-x86_64.dll+0xfb11]
C  [JOCL_2_0_0-windows-x86_64.dll+0xfbdc]
C  [JOCL_2_0_0-windows-x86_64.dll+0xc261]
C  0x00000000029d7f74

Java frames: (J=compiled Java code, j=interpreted, Vv=VM code)
j  org.jocl.CL.clReleaseContextNative(Lorg/jocl/cl_context;)I+0
j  org.jocl.CL.clReleaseContext(Lorg/jocl/cl_context;)I+1
j  core.algo.vertical.HillClimbCL.doComparison([ILjava/util/List;)[I+1260
j  core.algo.vertical.HillClimbCL.doMerge([ILjava/util/List;)Ljava/util/List;+14
j  core.algo.vertical.HillClimbCL.doPartition()V+130
j  core.algo.vertical.AbstractAlgorithm.partition()V+74
j  experiments.AlgorithmRunner.runAlgorithm(Lcore/algo/vertical/AbstractAlgorithm;Ljava/lang/String;)V+36
j  experiments.AlgorithmRunner.runAlgorithms(Lcore/algo/vertical/AbstractAlgorithm$AlgorithmConfig;[D)V+105
j  experiments.AlgorithmRunner.runTPC_H_All()V+36
j  experiments.AlgorithmRunner.main([Ljava/lang/String;)V+156
v  ~StubRoutines::call_stub

---------------  P R O C E S S  ---------------

Java Threads: ( => current thread )
  0x000000001695a800 JavaThread "Service Thread" daemon [_thread_blocked, id=9552, stack(0x0000000016d30000,0x0000000016e30000)]
  0x0000000014ff3000 JavaThread "C1 CompilerThread2" daemon [_thread_blocked, id=7744, stack(0x0000000016830000,0x0000000016930000)]
  0x0000000014ff0000 JavaThread "C2 CompilerThread1" daemon [_thread_blocked, id=3728, stack(0x0000000016730000,0x0000000016830000)]
  0x0000000014fed000 JavaThread "C2 CompilerThread0" daemon [_thread_blocked, id=9948, stack(0x0000000016630000,0x0000000016730000)]
  0x0000000014feb000 JavaThread "Attach Listener" daemon [_thread_blocked, id=11708, stack(0x0000000016530000,0x0000000016630000)]
  0x0000000014fe9800 JavaThread "Signal Dispatcher" daemon [_thread_blocked, id=11452, stack(0x0000000016430000,0x0000000016530000)]
  0x0000000014fda800 JavaThread "Finalizer" daemon [_thread_blocked, id=32, stack(0x0000000016240000,0x0000000016340000)]
  0x00000000029af000 JavaThread "Reference Handler" daemon [_thread_blocked, id=4332, stack(0x0000000016140000,0x0000000016240000)]
=>0x00000000028c0800 JavaThread "main" [_thread_in_native, id=8520, stack(0x0000000002780000,0x0000000002880000)]

Other Threads:
  0x0000000014fb7800 VMThread [stack: 0x0000000016040000,0x0000000016140000] [id=8184]
  0x0000000016960000 WatcherThread [stack: 0x0000000016e30000,0x0000000016f30000] [id=6564]

VM state:not at safepoint (normal execution)

VM Mutex/Monitor currently owned by a thread: None

Heap:
 PSYoungGen      total 18944K, used 5575K [0x00000000eb000000, 0x00000000ec500000, 0x0000000100000000)
  eden space 16384K, 34% used [0x00000000eb000000,0x00000000eb571f48,0x00000000ec000000)
  from space 2560K, 0% used [0x00000000ec280000,0x00000000ec280000,0x00000000ec500000)
  to   space 2560K, 0% used [0x00000000ec000000,0x00000000ec000000,0x00000000ec280000)
 ParOldGen       total 44032K, used 0K [0x00000000c1000000, 0x00000000c3b00000, 0x00000000eb000000)
  object space 44032K, 0% used [0x00000000c1000000,0x00000000c1000000,0x00000000c3b00000)
 Metaspace       used 5851K, capacity 6002K, committed 6144K, reserved 1056768K
  class space    used 671K, capacity 739K, committed 768K, reserved 1048576K

Card table byte_map: [0x0000000011d80000,0x0000000011f80000] byte_map_base: 0x0000000011778000

Marking Bits: (ParMarkBitMap*) 0x000000006abda6c0
 Begin Bits: [0x00000000124d0000, 0x0000000013490000)
 End Bits:   [0x0000000013490000, 0x0000000014450000)

Polling page: 0x0000000000f00000

CodeCache: size=245760Kb used=1959Kb max_used=1970Kb free=243800Kb
 bounds [0x00000000029c0000, 0x0000000002c30000, 0x00000000119c0000]
 total_blobs=746 nmethods=420 adapters=239
 compilation: enabled

Compilation events (10 events):
Event: 8.097 Thread 0x0000000014ff3000  416       3       java.util.stream.ReduceOps$3ReducingSink::accept (15 bytes)
Event: 8.097 Thread 0x0000000014ff3000 nmethod 416 0x0000000002baa190 code [0x0000000002baa300, 0x0000000002baa528]
Event: 8.097 Thread 0x0000000014ff3000  417       3       java.util.stream.Collectors$$Lambda$3/189568618::accept (11 bytes)
Event: 8.097 Thread 0x0000000014ff3000 nmethod 417 0x0000000002ba9c10 code [0x0000000002ba9d80, 0x0000000002baa0a8]
Event: 8.256 Thread 0x0000000014ff3000  418       3       core.algo.vertical.HillClimbCL$$Lambda$8/777874839::apply (21 bytes)
Event: 8.257 Thread 0x0000000014ff3000 nmethod 418 0x0000000002ba9010 code [0x0000000002ba91c0, 0x0000000002ba98f0]
Event: 8.257 Thread 0x0000000014ff3000  419       3       core.algo.vertical.HillClimbCL$$Lambda$10/824318946::apply (21 bytes)
Event: 8.257 Thread 0x0000000014ff3000 nmethod 419 0x0000000002ba8410 code [0x0000000002ba85c0, 0x0000000002ba8cf0]
Event: 8.796 Thread 0x0000000014fed000  420       4       java.nio.Buffer::limit (62 bytes)
Event: 8.797 Thread 0x0000000014fed000 nmethod 420 0x0000000002ba8110 code [0x0000000002ba8260, 0x0000000002ba8338]

GC Heap History (0 events):
No events

Deoptimization events (1 events):
Event: 4.144 Thread 0x00000000028c0800 Uncommon trap: reason=unstable_if action=reinterpret pc=0x0000000002b5f5d8 method=java.lang.String.indexOf([CII[CIII)I @ 3

Internal exceptions (8 events):
Event: 0.049 Thread 0x00000000028c0800 Exception <a 'java/lang/NoSuchMethodError': Method sun.misc.Unsafe.defineClass(Ljava/lang/String;[BII)Ljava/lang/Class; name or signature does not match> (0x00000000eb007c78) thrown at [C:\re\workspace\8-2-build-windows-amd64-cygwin\jdk8u111\7883\hotspot\
Event: 0.049 Thread 0x00000000028c0800 Exception <a 'java/lang/NoSuchMethodError': Method sun.misc.Unsafe.prefetchRead(Ljava/lang/Object;J)V name or signature does not match> (0x00000000eb007f60) thrown at [C:\re\workspace\8-2-build-windows-amd64-cygwin\jdk8u111\7883\hotspot\src\share\vm\prims
Event: 3.278 Thread 0x00000000028c0800 Exception <a 'java/security/PrivilegedActionException'> (0x00000000eb1c0038) thrown at [C:\re\workspace\8-2-build-windows-amd64-cygwin\jdk8u111\7883\hotspot\src\share\vm\prims\jvm.cpp, line 1386]
Event: 3.278 Thread 0x00000000028c0800 Exception <a 'java/security/PrivilegedActionException'> (0x00000000eb1c0430) thrown at [C:\re\workspace\8-2-build-windows-amd64-cygwin\jdk8u111\7883\hotspot\src\share\vm\prims\jvm.cpp, line 1386]
Event: 3.279 Thread 0x00000000028c0800 Exception <a 'java/security/PrivilegedActionException'> (0x00000000eb1c4448) thrown at [C:\re\workspace\8-2-build-windows-amd64-cygwin\jdk8u111\7883\hotspot\src\share\vm\prims\jvm.cpp, line 1386]
Event: 3.279 Thread 0x00000000028c0800 Exception <a 'java/security/PrivilegedActionException'> (0x00000000eb1c4840) thrown at [C:\re\workspace\8-2-build-windows-amd64-cygwin\jdk8u111\7883\hotspot\src\share\vm\prims\jvm.cpp, line 1386]
Event: 4.091 Thread 0x00000000028c0800 Exception <a 'java/lang/NoSuchFieldError': method resolution failed> (0x00000000eb2f0928) thrown at [C:\re\workspace\8-2-build-windows-amd64-cygwin\jdk8u111\7883\hotspot\src\share\vm\prims\methodHandles.cpp, line 1146]
Event: 4.093 Thread 0x00000000028c0800 Exception <a 'java/lang/NoSuchFieldError': method resolution failed> (0x00000000eb2fdcf8) thrown at [C:\re\workspace\8-2-build-windows-amd64-cygwin\jdk8u111\7883\hotspot\src\share\vm\prims\methodHandles.cpp, line 1146]

Events (10 events):
Event: 4.528 loading class java/util/concurrent/locks/Condition done
Event: 4.528 loading class java/util/concurrent/locks/AbstractQueuedSynchronizer$ConditionObject done
Event: 4.897 loading class org/jocl/cl_context_properties
Event: 4.897 loading class org/jocl/cl_context_properties done
Event: 4.898 loading class org/jocl/cl_abstract_properties
Event: 4.898 loading class org/jocl/cl_abstract_properties done
Event: 4.898 loading class java/nio/HeapLongBuffer
Event: 4.898 loading class java/nio/HeapLongBuffer done
Event: 5.117 loading class org/jocl/Sizeof
Event: 5.117 loading class org/jocl/Sizeof done


Dynamic libraries:
0x00007ff7436a0000 - 0x00007ff7436d7000 	C:\Program Files\Java\jre1.8.0_111\bin\javaw.exe
0x00007ffccc6e0000 - 0x00007ffccc8bb000 	C:\WINDOWS\SYSTEM32\ntdll.dll
0x00007ffcca3f0000 - 0x00007ffcca49e000 	C:\WINDOWS\System32\KERNEL32.DLL
0x00007ffcc94c0000 - 0x00007ffcc9709000 	C:\WINDOWS\System32\KERNELBASE.dll
0x00007ffcc9d80000 - 0x00007ffcc9e21000 	C:\WINDOWS\System32\ADVAPI32.dll
0x00007ffcca350000 - 0x00007ffcca3ed000 	C:\WINDOWS\System32\msvcrt.dll
0x00007ffcca770000 - 0x00007ffcca7c9000 	C:\WINDOWS\System32\sechost.dll
0x00007ffccc540000 - 0x00007ffccc665000 	C:\WINDOWS\System32\RPCRT4.dll
0x00007ffccc1c0000 - 0x00007ffccc30a000 	C:\WINDOWS\System32\USER32.dll
0x00007ffcc8c00000 - 0x00007ffcc8c1e000 	C:\WINDOWS\System32\win32u.dll
0x00007ffcca130000 - 0x00007ffcca157000 	C:\WINDOWS\System32\GDI32.dll
0x00007ffcc9770000 - 0x00007ffcc98f7000 	C:\WINDOWS\System32\gdi32full.dll
0x00007ffcc8d20000 - 0x00007ffcc8dba000 	C:\WINDOWS\System32\msvcp_win.dll
0x00007ffcc9970000 - 0x00007ffcc9a66000 	C:\WINDOWS\System32\ucrtbase.dll
0x00007ffcbc300000 - 0x00007ffcbc567000 	C:\WINDOWS\WinSxS\amd64_microsoft.windows.common-controls_6595b64144ccf1df_6.0.15063.483_none_26002d27e7c744a2\COMCTL32.dll
0x00007ffcc9e30000 - 0x00007ffcca129000 	C:\WINDOWS\System32\combase.dll
0x00007ffcc9900000 - 0x00007ffcc996a000 	C:\WINDOWS\System32\bcryptPrimitives.dll
0x00007ffcc9d50000 - 0x00007ffcc9d7d000 	C:\WINDOWS\System32\IMM32.DLL
0x000000006a1f0000 - 0x000000006a2c2000 	C:\Program Files\Java\jre1.8.0_111\bin\msvcr100.dll
0x000000006a3c0000 - 0x000000006ac5a000 	C:\Program Files\Java\jre1.8.0_111\bin\server\jvm.dll
0x00007ffcca700000 - 0x00007ffcca708000 	C:\WINDOWS\System32\PSAPI.DLL
0x00007ffcbb340000 - 0x00007ffcbb34a000 	C:\WINDOWS\SYSTEM32\VERSION.dll
0x00007ffcc7120000 - 0x00007ffcc7143000 	C:\WINDOWS\SYSTEM32\WINMM.dll
0x00007ffcb01c0000 - 0x00007ffcb01c9000 	C:\WINDOWS\SYSTEM32\WSOCK32.dll
0x00007ffccc670000 - 0x00007ffccc6dc000 	C:\WINDOWS\System32\WS2_32.dll
0x00007ffcc70c0000 - 0x00007ffcc70eb000 	C:\WINDOWS\SYSTEM32\winmmbase.dll
0x00007ffcc8cd0000 - 0x00007ffcc8d19000 	C:\WINDOWS\System32\cfgmgr32.dll
0x000000006a3b0000 - 0x000000006a3bf000 	C:\Program Files\Java\jre1.8.0_111\bin\verify.dll
0x000000006a380000 - 0x000000006a3a9000 	C:\Program Files\Java\jre1.8.0_111\bin\java.dll
0x000000006a360000 - 0x000000006a376000 	C:\Program Files\Java\jre1.8.0_111\bin\zip.dll
0x00007ffcca8e0000 - 0x00007ffccbd16000 	C:\WINDOWS\System32\SHELL32.dll
0x00007ffccc310000 - 0x00007ffccc3ba000 	C:\WINDOWS\System32\shcore.dll
0x00007ffcc8dc0000 - 0x00007ffcc94b1000 	C:\WINDOWS\System32\windows.storage.dll
0x00007ffccbd20000 - 0x00007ffccbd71000 	C:\WINDOWS\System32\shlwapi.dll
0x00007ffcc8be0000 - 0x00007ffcc8bf1000 	C:\WINDOWS\System32\kernel.appcore.dll
0x00007ffcc8b70000 - 0x00007ffcc8bbc000 	C:\WINDOWS\System32\powrprof.dll
0x00007ffcc8bc0000 - 0x00007ffcc8bd5000 	C:\WINDOWS\System32\profapi.dll
0x00007ffcb0540000 - 0x00007ffcb057d000 	C:\Users\Akhil P\AppData\Local\Temp\JOCL_2_0_0-windows-x86_64.dll
0x00007ffcc85a0000 - 0x00007ffcc85ab000 	C:\WINDOWS\SYSTEM32\CRYPTBASE.DLL
0x00007ffcb03e0000 - 0x00007ffcb0461000 	C:\WINDOWS\SYSTEM32\OpenCL.dll
0x00007ffcb0290000 - 0x00007ffcb02f7000 	C:\WINDOWS\SYSTEM32\IntelOpenCL64.dll
0x00007ffc92690000 - 0x00007ffc92852000 	C:\Program Files (x86)\Common Files\Intel\OpenCL\bin\x64\intelocl64.dll
0x00007ffcaf7b0000 - 0x00007ffcaf84d000 	C:\Program Files (x86)\Common Files\Intel\OpenCL\bin\x64\task_executor64.dll
0x00007ffca4800000 - 0x00007ffca4921000 	C:\WINDOWS\SYSTEM32\OPENGL32.dll
0x00007ffcab540000 - 0x00007ffcab56c000 	C:\WINDOWS\SYSTEM32\GLU32.dll
0x00007ffc9f5a0000 - 0x00007ffc9f678000 	C:\Program Files (x86)\Common Files\Intel\OpenCL\bin\x64\cpu_device64.dll
0x00007ffc8e370000 - 0x00007ffc8e831000 	C:\WINDOWS\SYSTEM32\igdrcl64.dll
0x00007ffcc7aa0000 - 0x00007ffcc7b44000 	C:\WINDOWS\SYSTEM32\dxgi.dll
0x00007ffcb0390000 - 0x00007ffcb03d3000 	C:\WINDOWS\SYSTEM32\igdfcl64.dll
0x00007ffc8ddf0000 - 0x00007ffc8e367000 	C:\WINDOWS\SYSTEM32\igdmcl64.dll
0x00007ffcbac70000 - 0x00007ffcbae19000 	C:\WINDOWS\SYSTEM32\dbghelp.dll
0x00007ffcaf740000 - 0x00007ffcaf7ad000 	C:\WINDOWS\SYSTEM32\igdbcl64.dll
0x00007ffcc12f0000 - 0x00007ffcc1d30000 	C:\WINDOWS\SYSTEM32\igdusc64.dll
0x00007ffc7fb90000 - 0x00007ffc8119d000 	C:\WINDOWS\System32\nvopencl.dll
0x00007ffccbd80000 - 0x00007ffccc1bb000 	C:\WINDOWS\System32\SETUPAPI.dll
0x00007ffc9fa20000 - 0x00007ffc9fad3000 	C:\WINDOWS\SYSTEM32\nvfatbinaryLoader.dll
0x00007ffcc7390000 - 0x00007ffcc7425000 	C:\WINDOWS\system32\uxtheme.dll
0x00007ffcc77b0000 - 0x00007ffcc77d8000 	C:\WINDOWS\SYSTEM32\DEVOBJ.dll
0x00007ffcc9710000 - 0x00007ffcc9766000 	C:\WINDOWS\System32\WINTRUST.dll
0x00007ffcc8b50000 - 0x00007ffcc8b61000 	C:\WINDOWS\System32\MSASN1.dll
0x00007ffcc9a70000 - 0x00007ffcc9c39000 	C:\WINDOWS\System32\CRYPT32.dll
0x00007ffcb6d10000 - 0x00007ffcb714f000 	C:\WINDOWS\system32\nvapi64.dll
0x00007ffcca1e0000 - 0x00007ffcca325000 	C:\WINDOWS\System32\ole32.dll
0x00007ffc7dfc0000 - 0x00007ffc7fb8d000 	C:\WINDOWS\SYSTEM32\common_clang64.dll

VM Arguments:
jvm_args: -Dfile.encoding=UTF-8 
java_command: experiments.AlgorithmRunner
java_class_path (initial): F:\Thesis_code\database-vertical-partitioning\target\classes;C:\Users\Akhil P\.m2\repository\net\sf\trove4j\trove4j\3.0.3\trove4j-3.0.3.jar;C:\Users\Akhil P\.m2\repository\org\postgresql\postgresql\42.1.4\postgresql-42.1.4.jar;C:\Users\Akhil P\.m2\repository\org\jocl\jocl\2.0.0\jocl-2.0.0.jar
Launcher Type: SUN_STANDARD

Environment Variables:
PATH=C:/Program Files/Java/jre1.8.0_111/bin/server;C:/Program Files/Java/jre1.8.0_111/bin;C:/Program Files/Java/jre1.8.0_111/lib/amd64;C:\ProgramData\Oracle\Java\javapath;C:\Program Files (x86)\Intel\iCLS Client\;C:\Program Files\Intel\iCLS Client\;C:\Program Files (x86)\NVIDIA Corporation\PhysX\Common;C:\WINDOWS\system32;C:\WINDOWS;C:\WINDOWS\System32\Wbem;C:\WINDOWS\System32\WindowsPowerShell\v1.0\;C:\Program Files\Hewlett-Packard\SimplePass\;C:\Program Files (x86)\Windows Live\Shared;C:\Program Files\Intel\Intel(R) Management Engine Components\DAL;C:\Program Files (x86)\Intel\Intel(R) Management Engine Components\DAL;C:\Program Files\Intel\Intel(R) Management Engine Components\IPT;C:\Program Files (x86)\Intel\Intel(R) Management Engine Components\IPT;C:\php;C:\Apache24;C:\Apache24\bin;C:\Program Files\Git\cmd;C:\Program Files\MySQL\MySQL Utilities 1.6\;C:\Program Files (x86)\Skype\Phone\;C:\MinGW\bin;C:\Program Files (x86)\Java\jre1.8.0_91\bin;C:\Users\Akhil P\AppData\Local\Microsoft\WindowsApps;C:\Program Files\CMake\bin;C:\Users\Akhil P\Desktop;
USERNAME=Akhil P
OS=Windows_NT
PROCESSOR_IDENTIFIER=Intel64 Family 6 Model 69 Stepping 1, GenuineIntel



---------------  S Y S T E M  ---------------

OS: Windows 10.0 , 64 bit Build 15063 (10.0.15063.296)

CPU:total 4 (2 cores per cpu, 2 threads per core) family 6 model 69 stepping 1, cmov, cx8, fxsr, mmx, sse, sse2, sse3, ssse3, sse4.1, sse4.2, popcnt, avx, avx2, aes, clmul, erms, lzcnt, ht, tsc, tscinvbit, bmi1, bmi2

Memory: 4k page, physical 4124504k(463616k free), swap 7139160k(2550860k free)

vm_info: Java HotSpot(TM) 64-Bit Server VM (25.111-b14) for windows-amd64 JRE (1.8.0_111-b14), built on Sep 22 2016 19:24:05 by "java_re" with MS VC++ 10.0 (VS2010)

time: Wed Nov 22 15:39:38 2017
elapsed time: 9 seconds (0d 0h 0m 9s)

